2014-10-21 04:01:49 DEBUG: (datatype* pisces::implemented_element<datatype>::_initialize(int, datatype*, int) [with datatype = double] 155) - 0x7fa75a818a00
2014-10-21 04:01:49 DEBUG: (datatype* pisces::implemented_element<datatype>::_initialize(int, datatype*, int) [with datatype = double] 155) - 0x7fa75a824800
2014-10-21 04:01:49 DEBUG: (datatype* pisces::implemented_element<datatype>::_initialize(int, datatype*, int) [with datatype = double] 155) - 0x7fa75a828600
2014-10-21 04:01:49 DEBUG: (datatype* pisces::implemented_element<datatype>::_initialize(int, datatype*, int) [with datatype = double] 155) - 0x7fa758813200
2014-10-21 04:01:49 DEBUG: (datatype* pisces::implemented_element<datatype>::_initialize(int, datatype*, int) [with datatype = double] 155) - 0x7fa75a82be00
2014-10-21 04:01:49 DEBUG: (pisces::boussinesq_element<datatype>::boussinesq_element(plans::axis, plans::axis, int, io::parameters&, data::data<datatype>&, mpi::messenger*, int) [with datatype = double] 46) - OUT.0x7fa75a828600 0x7fa758813200
2014-10-21 04:01:49 DEBUG: (pisces::boussinesq_element<datatype>::boussinesq_element(plans::axis, plans::axis, int, io::parameters&, data::data<datatype>&, mpi::messenger*, int) [with datatype = double] 53) - NEXT
2014-10-21 04:01:49 DEBUG: (pisces::boussinesq_element<datatype>::boussinesq_element(plans::axis, plans::axis, int, io::parameters&, data::data<datatype>&, mpi::messenger*, int) [with datatype = double] 77) - Now it gets complicated0x7fa75843e760
2014-10-21 04:01:49 DEBUG: (pisces::boussinesq_element<datatype>::boussinesq_element(plans::axis, plans::axis, int, io::parameters&, data::data<datatype>&, mpi::messenger*, int) [with datatype = double] 83) - First solver set added.
2014-10-21 04:01:49 INFO : (void io::formatted_input<format>::from_file(int) [with format = io::formats::two_d::netcdf] 108) - Inputting from file input/input_01.cdf...
2014-10-21 04:01:49 WARN : (static void io::formats::two_d::netcdf::read(const io::data_grid&, std::string, std::string, void*, int, int) [with datatype = double; std::string = std::basic_string<char>] 120) - Variable x not found in file
2014-10-21 04:01:49 WARN : (static void io::formats::two_d::netcdf::read(const io::data_grid&, std::string, std::string, void*, int, int) [with datatype = double; std::string = std::basic_string<char>] 120) - Variable z not found in file
2014-10-21 04:01:49 WARN : (static void io::formats::two_d::netcdf::read(const io::data_grid&, std::string, std::string, void*, int, int) [with datatype = double; std::string = std::basic_string<char>] 120) - Variable u not found in file
2014-10-21 04:01:49 WARN : (static void io::formats::two_d::netcdf::read(const io::data_grid&, std::string, std::string, void*, int, int) [with datatype = double; std::string = std::basic_string<char>] 120) - Variable w not found in file
2014-10-21 04:01:49 WARN : (static void io::formats::two_d::netcdf::read(const io::data_grid&, std::string, std::string, void*, int, int) [with datatype = double; std::string = std::basic_string<char>] 120) - Variable P not found in file
2014-10-21 04:01:49 DEBUG: (void data::data<datatype>::setup_stat(std::shared_ptr<io::output>, int) [with datatype = double] 179) - SETTING STAT
2014-10-21 04:01:49 INFO : (void io::formatted_output<format>::to_file(int) [with format = io::formats::two_d::netcdf] 158) - Outputting to file output/sc_gwave_01.cdf...
2014-10-21 04:01:49 DEBUG: (void data::data<datatype>::transform(int) [with datatype = double] 107) - Transforming 21
2014-10-21 04:01:49 DEBUG: (void plans::implemented_transformer<datatype>::write() [with datatype = double] 78) - WRITING 0 0
2014-10-21 04:01:49 DEBUG: (void data::data<datatype>::transform(int) [with datatype = double] 107) - Transforming 22
2014-10-21 04:01:49 DEBUG: (void plans::implemented_transformer<datatype>::write() [with datatype = double] 78) - WRITING 0 0
2014-10-21 04:01:49 DEBUG: (void data::data<datatype>::transform(int) [with datatype = double] 107) - Transforming 11
2014-10-21 04:01:49 DEBUG: (void plans::implemented_transformer<datatype>::write() [with datatype = double] 78) - WRITING 0 0
2014-10-21 04:01:49 DEBUG: (void data::data<datatype>::transform(int) [with datatype = double] 107) - Transforming 13
2014-10-21 04:01:49 DEBUG: (void plans::implemented_transformer<datatype>::write() [with datatype = double] 78) - WRITING 0 0
2014-10-21 04:01:49 DEBUG: (void data::data<datatype>::transform(int) [with datatype = double] 107) - Transforming 20
2014-10-21 04:01:49 DEBUG: (void plans::implemented_transformer<datatype>::write() [with datatype = double] 78) - WRITING 0 0
2014-10-21 04:01:49 INFO : (void pisces::element<datatype>::run(int&, int, int) [with datatype = double] 56) - Timestep: 0
2014-10-21 04:01:49 DEBUG: (void data::data<datatype>::transform(int) [with datatype = double] 107) - Transforming 21
2014-10-21 04:01:49 DEBUG: (void plans::implemented_transformer<datatype>::read() [with datatype = double] 89) - READING 32768 16
2014-10-21 04:01:49 DEBUG: (void data::data<datatype>::transform(int) [with datatype = double] 107) - Transforming 22
2014-10-21 04:01:49 DEBUG: (void plans::implemented_transformer<datatype>::read() [with datatype = double] 89) - READING 32768 16
2014-10-21 04:01:49 DEBUG: (void data::data<datatype>::transform(int) [with datatype = double] 107) - Transforming 11
2014-10-21 04:01:49 DEBUG: (void plans::implemented_transformer<datatype>::read() [with datatype = double] 89) - READING 32768 16
2014-10-21 04:01:49 DEBUG: (void data::data<datatype>::transform(int) [with datatype = double] 107) - Transforming 13
2014-10-21 04:01:49 DEBUG: (void plans::implemented_transformer<datatype>::read() [with datatype = double] 89) - READING 32768 16
2014-10-21 04:01:49 DEBUG: (void data::data<datatype>::transform(int) [with datatype = double] 107) - Transforming 20
2014-10-21 04:01:49 DEBUG: (void plans::implemented_transformer<datatype>::read() [with datatype = double] 89) - READING 32768 16
2014-10-21 04:01:49 INFO : (void io::formatted_output<format>::to_file(int) [with format = io::formats::two_d::netcdf] 158) - Outputting to file output/sc_gwave_t_01.cdf...
2014-10-21 04:01:49 DEBUG: (void data::data<datatype>::transform(int) [with datatype = double] 107) - Transforming 21
2014-10-21 04:01:49 DEBUG: (void plans::implemented_transformer<datatype>::read() [with datatype = double] 89) - READING 0 16
2014-10-21 04:01:49 DEBUG: (void data::data<datatype>::transform(int) [with datatype = double] 107) - Transforming 22
2014-10-21 04:01:49 DEBUG: (void plans::implemented_transformer<datatype>::read() [with datatype = double] 89) - READING 0 16
2014-10-21 04:01:49 DEBUG: (void data::data<datatype>::transform(int) [with datatype = double] 107) - Transforming 11
2014-10-21 04:01:49 DEBUG: (void plans::implemented_transformer<datatype>::read() [with datatype = double] 89) - READING 0 16
2014-10-21 04:01:49 DEBUG: (void data::data<datatype>::transform(int) [with datatype = double] 107) - Transforming 13
2014-10-21 04:01:49 DEBUG: (void plans::implemented_transformer<datatype>::read() [with datatype = double] 89) - READING 0 16
2014-10-21 04:01:49 DEBUG: (void data::data<datatype>::transform(int) [with datatype = double] 107) - Transforming 20
2014-10-21 04:01:49 DEBUG: (void plans::implemented_transformer<datatype>::read() [with datatype = double] 89) - READING 0 16
2014-10-21 04:01:49 DEBUG: (void data::data<datatype>::transform(int) [with datatype = double] 107) - Transforming 21
2014-10-21 04:01:49 DEBUG: (void plans::implemented_transformer<datatype>::read() [with datatype = double] 89) - READING 0 0
2014-10-21 04:01:49 DEBUG: (void data::data<datatype>::transform(int) [with datatype = double] 107) - Transforming 22
2014-10-21 04:01:49 DEBUG: (void plans::implemented_transformer<datatype>::read() [with datatype = double] 89) - READING 0 0
2014-10-21 04:01:49 DEBUG: (void data::data<datatype>::transform(int) [with datatype = double] 107) - Transforming 11
2014-10-21 04:01:49 DEBUG: (void plans::implemented_transformer<datatype>::read() [with datatype = double] 89) - READING 0 0
2014-10-21 04:01:49 DEBUG: (void data::data<datatype>::transform(int) [with datatype = double] 107) - Transforming 13
2014-10-21 04:01:49 DEBUG: (void plans::implemented_transformer<datatype>::read() [with datatype = double] 89) - READING 0 0
2014-10-21 04:01:49 DEBUG: (void data::data<datatype>::transform(int) [with datatype = double] 107) - Transforming 20
2014-10-21 04:01:49 DEBUG: (void plans::implemented_transformer<datatype>::read() [with datatype = double] 89) - READING 0 0
2014-10-21 04:01:49 INFO : (void data::data<datatype>::output() [with datatype = double] 69) - OUTPUT
2014-10-21 04:01:49 INFO : (void io::formatted_output<format>::to_file(int) [with format = io::formats::ascii] 158) - Outputting to file output/sc_gwave_01.dat...
2014-10-21 04:01:49 DEBUG: (void data::data<datatype>::transform(int) [with datatype = double] 107) - Transforming 21
2014-10-21 04:01:49 DEBUG: (void plans::implemented_transformer<datatype>::read() [with datatype = double] 89) - READING 0 16
2014-10-21 04:01:49 DEBUG: (void data::data<datatype>::transform(int) [with datatype = double] 107) - Transforming 22
2014-10-21 04:01:49 DEBUG: (void plans::implemented_transformer<datatype>::read() [with datatype = double] 89) - READING 0 16
2014-10-21 04:01:49 DEBUG: (void data::data<datatype>::transform(int) [with datatype = double] 107) - Transforming 11
2014-10-21 04:01:49 DEBUG: (void plans::implemented_transformer<datatype>::read() [with datatype = double] 89) - READING 0 16
2014-10-21 04:01:49 DEBUG: (void data::data<datatype>::transform(int) [with datatype = double] 107) - Transforming 13
2014-10-21 04:01:49 DEBUG: (void plans::implemented_transformer<datatype>::read() [with datatype = double] 89) - READING 0 16
2014-10-21 04:01:49 DEBUG: (void data::data<datatype>::transform(int) [with datatype = double] 107) - Transforming 20
2014-10-21 04:01:49 DEBUG: (void plans::implemented_transformer<datatype>::read() [with datatype = double] 89) - READING 0 16
2014-10-21 04:01:49 DEBUG: (void data::data<datatype>::transform(int) [with datatype = double] 107) - Transforming 21
2014-10-21 04:01:49 DEBUG: (void plans::implemented_transformer<datatype>::write() [with datatype = double] 78) - WRITING 0 16
2014-10-21 04:01:49 DEBUG: (void data::data<datatype>::transform(int) [with datatype = double] 107) - Transforming 22
2014-10-21 04:01:49 DEBUG: (void plans::implemented_transformer<datatype>::write() [with datatype = double] 78) - WRITING 0 16
2014-10-21 04:01:49 DEBUG: (void data::data<datatype>::transform(int) [with datatype = double] 107) - Transforming 11
2014-10-21 04:01:49 DEBUG: (void plans::implemented_transformer<datatype>::write() [with datatype = double] 78) - WRITING 0 16
2014-10-21 04:01:49 DEBUG: (void data::data<datatype>::transform(int) [with datatype = double] 107) - Transforming 13
2014-10-21 04:01:49 DEBUG: (void plans::implemented_transformer<datatype>::write() [with datatype = double] 78) - WRITING 0 16
2014-10-21 04:01:49 DEBUG: (void data::data<datatype>::transform(int) [with datatype = double] 107) - Transforming 20
2014-10-21 04:01:49 DEBUG: (void plans::implemented_transformer<datatype>::write() [with datatype = double] 78) - WRITING 0 16
2014-10-21 04:01:49 INFO : (void pisces::element<datatype>::run(int&, int, int) [with datatype = double] 146) - TOTAL TIME: 0
2014-10-21 04:01:49 INFO : (void pisces::element<datatype>::run(int&, int, int) [with datatype = double] 151) - Updating timestep: 1e-05
2014-10-21 04:01:49 INFO : (void pisces::element<datatype>::run(int&, int, int) [with datatype = double] 56) - Timestep: 1
2014-10-21 04:01:49 DEBUG: (void data::data<datatype>::transform(int) [with datatype = double] 107) - Transforming 21
2014-10-21 04:01:49 DEBUG: (void plans::implemented_transformer<datatype>::read() [with datatype = double] 89) - READING 32768 16
2014-10-21 04:01:49 DEBUG: (void data::data<datatype>::transform(int) [with datatype = double] 107) - Transforming 22
2014-10-21 04:01:49 DEBUG: (void plans::implemented_transformer<datatype>::read() [with datatype = double] 89) - READING 32768 16
2014-10-21 04:01:49 DEBUG: (void data::data<datatype>::transform(int) [with datatype = double] 107) - Transforming 11
2014-10-21 04:01:49 DEBUG: (void plans::implemented_transformer<datatype>::read() [with datatype = double] 89) - READING 32768 16
2014-10-21 04:01:49 DEBUG: (void data::data<datatype>::transform(int) [with datatype = double] 107) - Transforming 13
2014-10-21 04:01:49 DEBUG: (void plans::implemented_transformer<datatype>::read() [with datatype = double] 89) - READING 32768 16
2014-10-21 04:01:49 DEBUG: (void data::data<datatype>::transform(int) [with datatype = double] 107) - Transforming 20
2014-10-21 04:01:49 DEBUG: (void plans::implemented_transformer<datatype>::read() [with datatype = double] 89) - READING 32768 16
2014-10-21 04:01:49 DEBUG: (void data::data<datatype>::transform(int) [with datatype = double] 107) - Transforming 21
2014-10-21 04:01:49 DEBUG: (void plans::implemented_transformer<datatype>::read() [with datatype = double] 89) - READING 0 16
2014-10-21 04:01:49 DEBUG: (void data::data<datatype>::transform(int) [with datatype = double] 107) - Transforming 22
2014-10-21 04:01:49 DEBUG: (void plans::implemented_transformer<datatype>::read() [with datatype = double] 89) - READING 0 16
2014-10-21 04:01:49 DEBUG: (void data::data<datatype>::transform(int) [with datatype = double] 107) - Transforming 11
2014-10-21 04:01:49 DEBUG: (void plans::implemented_transformer<datatype>::read() [with datatype = double] 89) - READING 0 16
2014-10-21 04:01:49 DEBUG: (void data::data<datatype>::transform(int) [with datatype = double] 107) - Transforming 13
2014-10-21 04:01:49 DEBUG: (void plans::implemented_transformer<datatype>::read() [with datatype = double] 89) - READING 0 16
2014-10-21 04:01:49 DEBUG: (void data::data<datatype>::transform(int) [with datatype = double] 107) - Transforming 20
2014-10-21 04:01:49 DEBUG: (void plans::implemented_transformer<datatype>::read() [with datatype = double] 89) - READING 0 16
2014-10-21 04:01:49 DEBUG: (void data::data<datatype>::transform(int) [with datatype = double] 107) - Transforming 21
2014-10-21 04:01:49 DEBUG: (void plans::implemented_transformer<datatype>::read() [with datatype = double] 89) - READING 0 0
2014-10-21 04:01:49 DEBUG: (void data::data<datatype>::transform(int) [with datatype = double] 107) - Transforming 22
2014-10-21 04:01:49 DEBUG: (void plans::implemented_transformer<datatype>::read() [with datatype = double] 89) - READING 0 0
2014-10-21 04:01:49 DEBUG: (void data::data<datatype>::transform(int) [with datatype = double] 107) - Transforming 11
2014-10-21 04:01:49 DEBUG: (void plans::implemented_transformer<datatype>::read() [with datatype = double] 89) - READING 0 0
2014-10-21 04:01:49 DEBUG: (void data::data<datatype>::transform(int) [with datatype = double] 107) - Transforming 13
2014-10-21 04:01:49 DEBUG: (void plans::implemented_transformer<datatype>::read() [with datatype = double] 89) - READING 0 0
2014-10-21 04:01:49 DEBUG: (void data::data<datatype>::transform(int) [with datatype = double] 107) - Transforming 20
2014-10-21 04:01:49 DEBUG: (void plans::implemented_transformer<datatype>::read() [with datatype = double] 89) - READING 0 0
2014-10-21 04:01:49 INFO : (void data::data<datatype>::output() [with datatype = double] 69) - OUTPUT
2014-10-21 04:01:49 DEBUG: (void data::data<datatype>::transform(int) [with datatype = double] 107) - Transforming 21
2014-10-21 04:01:49 DEBUG: (void plans::implemented_transformer<datatype>::read() [with datatype = double] 89) - READING 0 16
2014-10-21 04:01:49 DEBUG: (void data::data<datatype>::transform(int) [with datatype = double] 107) - Transforming 22
2014-10-21 04:01:49 DEBUG: (void plans::implemented_transformer<datatype>::read() [with datatype = double] 89) - READING 0 16
2014-10-21 04:01:49 DEBUG: (void data::data<datatype>::transform(int) [with datatype = double] 107) - Transforming 11
2014-10-21 04:01:49 DEBUG: (void plans::implemented_transformer<datatype>::read() [with datatype = double] 89) - READING 0 16
2014-10-21 04:01:49 DEBUG: (void data::data<datatype>::transform(int) [with datatype = double] 107) - Transforming 13
2014-10-21 04:01:49 DEBUG: (void plans::implemented_transformer<datatype>::read() [with datatype = double] 89) - READING 0 16
2014-10-21 04:01:49 DEBUG: (void data::data<datatype>::transform(int) [with datatype = double] 107) - Transforming 20
2014-10-21 04:01:49 DEBUG: (void plans::implemented_transformer<datatype>::read() [with datatype = double] 89) - READING 0 16
2014-10-21 04:01:49 INFO : (void io::formatted_output<format>::to_file(int) [with format = io::formats::two_d::netcdf] 158) - Outputting to file output/sc_gwave_01.cdf...
2014-10-21 04:01:49 DEBUG: (void data::data<datatype>::transform(int) [with datatype = double] 107) - Transforming 21
2014-10-21 04:01:49 DEBUG: (void plans::implemented_transformer<datatype>::write() [with datatype = double] 78) - WRITING 0 16
2014-10-21 04:01:49 DEBUG: (void data::data<datatype>::transform(int) [with datatype = double] 107) - Transforming 22
2014-10-21 04:01:49 DEBUG: (void plans::implemented_transformer<datatype>::write() [with datatype = double] 78) - WRITING 0 16
2014-10-21 04:01:49 DEBUG: (void data::data<datatype>::transform(int) [with datatype = double] 107) - Transforming 11
2014-10-21 04:01:49 DEBUG: (void plans::implemented_transformer<datatype>::write() [with datatype = double] 78) - WRITING 0 16
2014-10-21 04:01:49 DEBUG: (void data::data<datatype>::transform(int) [with datatype = double] 107) - Transforming 13
2014-10-21 04:01:49 DEBUG: (void plans::implemented_transformer<datatype>::write() [with datatype = double] 78) - WRITING 0 16
2014-10-21 04:01:49 DEBUG: (void data::data<datatype>::transform(int) [with datatype = double] 107) - Transforming 20
2014-10-21 04:01:49 DEBUG: (void plans::implemented_transformer<datatype>::write() [with datatype = double] 78) - WRITING 0 16
2014-10-21 04:01:49 INFO : (void pisces::element<datatype>::run(int&, int, int) [with datatype = double] 146) - TOTAL TIME: 1e-05
2014-10-21 04:01:49 INFO : (void pisces::element<datatype>::run(int&, int, int) [with datatype = double] 56) - Timestep: 2
2014-10-21 04:01:49 DEBUG: (void data::data<datatype>::transform(int) [with datatype = double] 107) - Transforming 21
2014-10-21 04:01:49 DEBUG: (void plans::implemented_transformer<datatype>::read() [with datatype = double] 89) - READING 32768 16
2014-10-21 04:01:49 DEBUG: (void data::data<datatype>::transform(int) [with datatype = double] 107) - Transforming 22
2014-10-21 04:01:49 DEBUG: (void plans::implemented_transformer<datatype>::read() [with datatype = double] 89) - READING 32768 16
2014-10-21 04:01:49 DEBUG: (void data::data<datatype>::transform(int) [with datatype = double] 107) - Transforming 11
2014-10-21 04:01:49 DEBUG: (void plans::implemented_transformer<datatype>::read() [with datatype = double] 89) - READING 32768 16
2014-10-21 04:01:49 DEBUG: (void data::data<datatype>::transform(int) [with datatype = double] 107) - Transforming 13
2014-10-21 04:01:49 DEBUG: (void plans::implemented_transformer<datatype>::read() [with datatype = double] 89) - READING 32768 16
2014-10-21 04:01:49 DEBUG: (void data::data<datatype>::transform(int) [with datatype = double] 107) - Transforming 20
2014-10-21 04:01:49 DEBUG: (void plans::implemented_transformer<datatype>::read() [with datatype = double] 89) - READING 32768 16
2014-10-21 04:01:49 DEBUG: (void data::data<datatype>::transform(int) [with datatype = double] 107) - Transforming 21
2014-10-21 04:01:49 DEBUG: (void plans::implemented_transformer<datatype>::read() [with datatype = double] 89) - READING 0 16
2014-10-21 04:01:49 DEBUG: (void data::data<datatype>::transform(int) [with datatype = double] 107) - Transforming 22
2014-10-21 04:01:49 DEBUG: (void plans::implemented_transformer<datatype>::read() [with datatype = double] 89) - READING 0 16
2014-10-21 04:01:49 DEBUG: (void data::data<datatype>::transform(int) [with datatype = double] 107) - Transforming 11
2014-10-21 04:01:49 DEBUG: (void plans::implemented_transformer<datatype>::read() [with datatype = double] 89) - READING 0 16
2014-10-21 04:01:49 DEBUG: (void data::data<datatype>::transform(int) [with datatype = double] 107) - Transforming 13
2014-10-21 04:01:49 DEBUG: (void plans::implemented_transformer<datatype>::read() [with datatype = double] 89) - READING 0 16
2014-10-21 04:01:49 DEBUG: (void data::data<datatype>::transform(int) [with datatype = double] 107) - Transforming 20
2014-10-21 04:01:49 DEBUG: (void plans::implemented_transformer<datatype>::read() [with datatype = double] 89) - READING 0 16
2014-10-21 04:01:49 DEBUG: (void data::data<datatype>::transform(int) [with datatype = double] 107) - Transforming 21
2014-10-21 04:01:49 DEBUG: (void plans::implemented_transformer<datatype>::read() [with datatype = double] 89) - READING 0 0
2014-10-21 04:01:49 DEBUG: (void data::data<datatype>::transform(int) [with datatype = double] 107) - Transforming 22
2014-10-21 04:01:49 DEBUG: (void plans::implemented_transformer<datatype>::read() [with datatype = double] 89) - READING 0 0
2014-10-21 04:01:49 DEBUG: (void data::data<datatype>::transform(int) [with datatype = double] 107) - Transforming 11
2014-10-21 04:01:49 DEBUG: (void plans::implemented_transformer<datatype>::read() [with datatype = double] 89) - READING 0 0
2014-10-21 04:01:49 DEBUG: (void data::data<datatype>::transform(int) [with datatype = double] 107) - Transforming 13
2014-10-21 04:01:49 DEBUG: (void plans::implemented_transformer<datatype>::read() [with datatype = double] 89) - READING 0 0
2014-10-21 04:01:49 DEBUG: (void data::data<datatype>::transform(int) [with datatype = double] 107) - Transforming 20
2014-10-21 04:01:49 DEBUG: (void plans::implemented_transformer<datatype>::read() [with datatype = double] 89) - READING 0 0
2014-10-21 04:01:49 INFO : (void data::data<datatype>::output() [with datatype = double] 69) - OUTPUT
2014-10-21 04:01:49 DEBUG: (void data::data<datatype>::transform(int) [with datatype = double] 107) - Transforming 21
2014-10-21 04:01:49 DEBUG: (void plans::implemented_transformer<datatype>::read() [with datatype = double] 89) - READING 0 16
2014-10-21 04:01:49 DEBUG: (void data::data<datatype>::transform(int) [with datatype = double] 107) - Transforming 22
2014-10-21 04:01:49 DEBUG: (void plans::implemented_transformer<datatype>::read() [with datatype = double] 89) - READING 0 16
2014-10-21 04:01:49 DEBUG: (void data::data<datatype>::transform(int) [with datatype = double] 107) - Transforming 11
2014-10-21 04:01:49 DEBUG: (void plans::implemented_transformer<datatype>::read() [with datatype = double] 89) - READING 0 16
2014-10-21 04:01:49 DEBUG: (void data::data<datatype>::transform(int) [with datatype = double] 107) - Transforming 13
2014-10-21 04:01:49 DEBUG: (void plans::implemented_transformer<datatype>::read() [with datatype = double] 89) - READING 0 16
2014-10-21 04:01:49 DEBUG: (void data::data<datatype>::transform(int) [with datatype = double] 107) - Transforming 20
2014-10-21 04:01:49 DEBUG: (void plans::implemented_transformer<datatype>::read() [with datatype = double] 89) - READING 0 16
2014-10-21 04:01:49 DEBUG: (void plans::incompressible_corrector<datatype>::execute() [with datatype = double] 165) - COMPRESSION SOLVE
2014-10-21 04:01:49 DEBUG: (void data::data<datatype>::transform(int) [with datatype = double] 107) - Transforming 21
2014-10-21 04:01:49 DEBUG: (void plans::implemented_transformer<datatype>::write() [with datatype = double] 78) - WRITING 0 16
2014-10-21 04:01:49 DEBUG: (void data::data<datatype>::transform(int) [with datatype = double] 107) - Transforming 22
2014-10-21 04:01:49 DEBUG: (void plans::implemented_transformer<datatype>::write() [with datatype = double] 78) - WRITING 0 16
2014-10-21 04:01:49 DEBUG: (void data::data<datatype>::transform(int) [with datatype = double] 107) - Transforming 11
2014-10-21 04:01:49 DEBUG: (void plans::implemented_transformer<datatype>::write() [with datatype = double] 78) - WRITING 0 16
2014-10-21 04:01:49 DEBUG: (void data::data<datatype>::transform(int) [with datatype = double] 107) - Transforming 13
2014-10-21 04:01:49 DEBUG: (void plans::implemented_transformer<datatype>::write() [with datatype = double] 78) - WRITING 0 16
2014-10-21 04:01:49 DEBUG: (void data::data<datatype>::transform(int) [with datatype = double] 107) - Transforming 20
2014-10-21 04:01:49 DEBUG: (void plans::implemented_transformer<datatype>::write() [with datatype = double] 78) - WRITING 0 16
2014-10-21 04:01:49 INFO : (void pisces::element<datatype>::run(int&, int, int) [with datatype = double] 146) - TOTAL TIME: 2e-05
2014-10-21 04:01:49 INFO : (void pisces::element<datatype>::run(int&, int, int) [with datatype = double] 151) - Updating timestep: 1.1e-05
2014-10-21 04:01:49 INFO : (void pisces::element<datatype>::run(int&, int, int) [with datatype = double] 56) - Timestep: 3
2014-10-21 04:01:49 DEBUG: (void data::data<datatype>::transform(int) [with datatype = double] 107) - Transforming 21
2014-10-21 04:01:49 DEBUG: (void plans::implemented_transformer<datatype>::read() [with datatype = double] 89) - READING 32768 16
2014-10-21 04:01:49 DEBUG: (void data::data<datatype>::transform(int) [with datatype = double] 107) - Transforming 22
2014-10-21 04:01:49 DEBUG: (void plans::implemented_transformer<datatype>::read() [with datatype = double] 89) - READING 32768 16
2014-10-21 04:01:49 DEBUG: (void data::data<datatype>::transform(int) [with datatype = double] 107) - Transforming 11
2014-10-21 04:01:49 DEBUG: (void plans::implemented_transformer<datatype>::read() [with datatype = double] 89) - READING 32768 16
2014-10-21 04:01:49 DEBUG: (void data::data<datatype>::transform(int) [with datatype = double] 107) - Transforming 13
2014-10-21 04:01:49 DEBUG: (void plans::implemented_transformer<datatype>::read() [with datatype = double] 89) - READING 32768 16
2014-10-21 04:01:49 DEBUG: (void data::data<datatype>::transform(int) [with datatype = double] 107) - Transforming 20
2014-10-21 04:01:49 DEBUG: (void plans::implemented_transformer<datatype>::read() [with datatype = double] 89) - READING 32768 16
2014-10-21 04:01:49 DEBUG: (void data::data<datatype>::transform(int) [with datatype = double] 107) - Transforming 21
2014-10-21 04:01:49 DEBUG: (void plans::implemented_transformer<datatype>::read() [with datatype = double] 89) - READING 0 16
2014-10-21 04:01:49 DEBUG: (void data::data<datatype>::transform(int) [with datatype = double] 107) - Transforming 22
2014-10-21 04:01:49 DEBUG: (void plans::implemented_transformer<datatype>::read() [with datatype = double] 89) - READING 0 16
2014-10-21 04:01:49 DEBUG: (void data::data<datatype>::transform(int) [with datatype = double] 107) - Transforming 11
2014-10-21 04:01:49 DEBUG: (void plans::implemented_transformer<datatype>::read() [with datatype = double] 89) - READING 0 16
2014-10-21 04:01:49 DEBUG: (void data::data<datatype>::transform(int) [with datatype = double] 107) - Transforming 13
2014-10-21 04:01:49 DEBUG: (void plans::implemented_transformer<datatype>::read() [with datatype = double] 89) - READING 0 16
2014-10-21 04:01:49 DEBUG: (void data::data<datatype>::transform(int) [with datatype = double] 107) - Transforming 20
2014-10-21 04:01:49 DEBUG: (void plans::implemented_transformer<datatype>::read() [with datatype = double] 89) - READING 0 16
2014-10-21 04:01:49 DEBUG: (void data::data<datatype>::transform(int) [with datatype = double] 107) - Transforming 21
2014-10-21 04:01:49 DEBUG: (void plans::implemented_transformer<datatype>::read() [with datatype = double] 89) - READING 0 0
2014-10-21 04:01:49 DEBUG: (void data::data<datatype>::transform(int) [with datatype = double] 107) - Transforming 22
2014-10-21 04:01:49 DEBUG: (void plans::implemented_transformer<datatype>::read() [with datatype = double] 89) - READING 0 0
2014-10-21 04:01:49 DEBUG: (void data::data<datatype>::transform(int) [with datatype = double] 107) - Transforming 11
2014-10-21 04:01:49 DEBUG: (void plans::implemented_transformer<datatype>::read() [with datatype = double] 89) - READING 0 0
2014-10-21 04:01:49 DEBUG: (void data::data<datatype>::transform(int) [with datatype = double] 107) - Transforming 13
2014-10-21 04:01:49 DEBUG: (void plans::implemented_transformer<datatype>::read() [with datatype = double] 89) - READING 0 0
2014-10-21 04:01:49 DEBUG: (void data::data<datatype>::transform(int) [with datatype = double] 107) - Transforming 20
2014-10-21 04:01:49 DEBUG: (void plans::implemented_transformer<datatype>::read() [with datatype = double] 89) - READING 0 0
2014-10-21 04:01:49 INFO : (void data::data<datatype>::output() [with datatype = double] 69) - OUTPUT
2014-10-21 04:01:49 DEBUG: (void data::data<datatype>::transform(int) [with datatype = double] 107) - Transforming 21
2014-10-21 04:01:49 DEBUG: (void plans::implemented_transformer<datatype>::read() [with datatype = double] 89) - READING 0 16
2014-10-21 04:01:49 DEBUG: (void data::data<datatype>::transform(int) [with datatype = double] 107) - Transforming 22
2014-10-21 04:01:49 DEBUG: (void plans::implemented_transformer<datatype>::read() [with datatype = double] 89) - READING 0 16
2014-10-21 04:01:49 DEBUG: (void data::data<datatype>::transform(int) [with datatype = double] 107) - Transforming 11
2014-10-21 04:01:49 DEBUG: (void plans::implemented_transformer<datatype>::read() [with datatype = double] 89) - READING 0 16
2014-10-21 04:01:49 DEBUG: (void data::data<datatype>::transform(int) [with datatype = double] 107) - Transforming 13
2014-10-21 04:01:49 DEBUG: (void plans::implemented_transformer<datatype>::read() [with datatype = double] 89) - READING 0 16
2014-10-21 04:01:49 DEBUG: (void data::data<datatype>::transform(int) [with datatype = double] 107) - Transforming 20
2014-10-21 04:01:49 DEBUG: (void plans::implemented_transformer<datatype>::read() [with datatype = double] 89) - READING 0 16
2014-10-21 04:01:49 INFO : (void io::formatted_output<format>::to_file(int) [with format = io::formats::two_d::netcdf] 158) - Outputting to file output/sc_gwave_01.cdf...
2014-10-21 04:01:49 DEBUG: (void data::data<datatype>::transform(int) [with datatype = double] 107) - Transforming 21
2014-10-21 04:01:49 DEBUG: (void plans::implemented_transformer<datatype>::write() [with datatype = double] 78) - WRITING 0 16
2014-10-21 04:01:49 DEBUG: (void data::data<datatype>::transform(int) [with datatype = double] 107) - Transforming 22
2014-10-21 04:01:49 DEBUG: (void plans::implemented_transformer<datatype>::write() [with datatype = double] 78) - WRITING 0 16
2014-10-21 04:01:49 DEBUG: (void data::data<datatype>::transform(int) [with datatype = double] 107) - Transforming 11
2014-10-21 04:01:49 DEBUG: (void plans::implemented_transformer<datatype>::write() [with datatype = double] 78) - WRITING 0 16
2014-10-21 04:01:49 DEBUG: (void data::data<datatype>::transform(int) [with datatype = double] 107) - Transforming 13
2014-10-21 04:01:49 DEBUG: (void plans::implemented_transformer<datatype>::write() [with datatype = double] 78) - WRITING 0 16
2014-10-21 04:01:49 DEBUG: (void data::data<datatype>::transform(int) [with datatype = double] 107) - Transforming 20
2014-10-21 04:01:49 DEBUG: (void plans::implemented_transformer<datatype>::write() [with datatype = double] 78) - WRITING 0 16
2014-10-21 04:01:49 INFO : (void pisces::element<datatype>::run(int&, int, int) [with datatype = double] 146) - TOTAL TIME: 3.1e-05
2014-10-21 04:01:49 INFO : (void pisces::element<datatype>::run(int&, int, int) [with datatype = double] 56) - Timestep: 4
2014-10-21 04:01:49 DEBUG: (void data::data<datatype>::transform(int) [with datatype = double] 107) - Transforming 21
2014-10-21 04:01:49 DEBUG: (void plans::implemented_transformer<datatype>::read() [with datatype = double] 89) - READING 32768 16
2014-10-21 04:01:49 DEBUG: (void data::data<datatype>::transform(int) [with datatype = double] 107) - Transforming 22
2014-10-21 04:01:49 DEBUG: (void plans::implemented_transformer<datatype>::read() [with datatype = double] 89) - READING 32768 16
2014-10-21 04:01:49 DEBUG: (void data::data<datatype>::transform(int) [with datatype = double] 107) - Transforming 11
2014-10-21 04:01:49 DEBUG: (void plans::implemented_transformer<datatype>::read() [with datatype = double] 89) - READING 32768 16
2014-10-21 04:01:49 DEBUG: (void data::data<datatype>::transform(int) [with datatype = double] 107) - Transforming 13
2014-10-21 04:01:49 DEBUG: (void plans::implemented_transformer<datatype>::read() [with datatype = double] 89) - READING 32768 16
2014-10-21 04:01:49 DEBUG: (void data::data<datatype>::transform(int) [with datatype = double] 107) - Transforming 20
2014-10-21 04:01:49 DEBUG: (void plans::implemented_transformer<datatype>::read() [with datatype = double] 89) - READING 32768 16
2014-10-21 04:01:49 DEBUG: (void data::data<datatype>::transform(int) [with datatype = double] 107) - Transforming 21
2014-10-21 04:01:49 DEBUG: (void plans::implemented_transformer<datatype>::read() [with datatype = double] 89) - READING 0 16
2014-10-21 04:01:49 DEBUG: (void data::data<datatype>::transform(int) [with datatype = double] 107) - Transforming 22
2014-10-21 04:01:49 DEBUG: (void plans::implemented_transformer<datatype>::read() [with datatype = double] 89) - READING 0 16
2014-10-21 04:01:49 DEBUG: (void data::data<datatype>::transform(int) [with datatype = double] 107) - Transforming 11
2014-10-21 04:01:49 DEBUG: (void plans::implemented_transformer<datatype>::read() [with datatype = double] 89) - READING 0 16
2014-10-21 04:01:49 DEBUG: (void data::data<datatype>::transform(int) [with datatype = double] 107) - Transforming 13
2014-10-21 04:01:49 DEBUG: (void plans::implemented_transformer<datatype>::read() [with datatype = double] 89) - READING 0 16
2014-10-21 04:01:49 DEBUG: (void data::data<datatype>::transform(int) [with datatype = double] 107) - Transforming 20
2014-10-21 04:01:49 DEBUG: (void plans::implemented_transformer<datatype>::read() [with datatype = double] 89) - READING 0 16
2014-10-21 04:01:49 DEBUG: (void data::data<datatype>::transform(int) [with datatype = double] 107) - Transforming 21
2014-10-21 04:01:49 DEBUG: (void plans::implemented_transformer<datatype>::read() [with datatype = double] 89) - READING 0 0
2014-10-21 04:01:49 DEBUG: (void data::data<datatype>::transform(int) [with datatype = double] 107) - Transforming 22
2014-10-21 04:01:49 DEBUG: (void plans::implemented_transformer<datatype>::read() [with datatype = double] 89) - READING 0 0
2014-10-21 04:01:49 DEBUG: (void data::data<datatype>::transform(int) [with datatype = double] 107) - Transforming 11
2014-10-21 04:01:49 DEBUG: (void plans::implemented_transformer<datatype>::read() [with datatype = double] 89) - READING 0 0
2014-10-21 04:01:49 DEBUG: (void data::data<datatype>::transform(int) [with datatype = double] 107) - Transforming 13
2014-10-21 04:01:49 DEBUG: (void plans::implemented_transformer<datatype>::read() [with datatype = double] 89) - READING 0 0
2014-10-21 04:01:49 DEBUG: (void data::data<datatype>::transform(int) [with datatype = double] 107) - Transforming 20
2014-10-21 04:01:49 DEBUG: (void plans::implemented_transformer<datatype>::read() [with datatype = double] 89) - READING 0 0
2014-10-21 04:01:49 INFO : (void data::data<datatype>::output() [with datatype = double] 69) - OUTPUT
2014-10-21 04:01:49 DEBUG: (void data::data<datatype>::transform(int) [with datatype = double] 107) - Transforming 21
2014-10-21 04:01:49 DEBUG: (void plans::implemented_transformer<datatype>::read() [with datatype = double] 89) - READING 0 16
2014-10-21 04:01:49 DEBUG: (void data::data<datatype>::transform(int) [with datatype = double] 107) - Transforming 22
2014-10-21 04:01:49 DEBUG: (void plans::implemented_transformer<datatype>::read() [with datatype = double] 89) - READING 0 16
2014-10-21 04:01:49 DEBUG: (void data::data<datatype>::transform(int) [with datatype = double] 107) - Transforming 11
2014-10-21 04:01:49 DEBUG: (void plans::implemented_transformer<datatype>::read() [with datatype = double] 89) - READING 0 16
2014-10-21 04:01:49 DEBUG: (void data::data<datatype>::transform(int) [with datatype = double] 107) - Transforming 13
2014-10-21 04:01:49 DEBUG: (void plans::implemented_transformer<datatype>::read() [with datatype = double] 89) - READING 0 16
2014-10-21 04:01:49 DEBUG: (void data::data<datatype>::transform(int) [with datatype = double] 107) - Transforming 20
2014-10-21 04:01:49 DEBUG: (void plans::implemented_transformer<datatype>::read() [with datatype = double] 89) - READING 0 16
2014-10-21 04:01:49 DEBUG: (void plans::incompressible_corrector<datatype>::execute() [with datatype = double] 165) - COMPRESSION SOLVE
2014-10-21 04:01:49 DEBUG: (void data::data<datatype>::transform(int) [with datatype = double] 107) - Transforming 21
2014-10-21 04:01:49 DEBUG: (void plans::implemented_transformer<datatype>::write() [with datatype = double] 78) - WRITING 0 16
2014-10-21 04:01:49 DEBUG: (void data::data<datatype>::transform(int) [with datatype = double] 107) - Transforming 22
2014-10-21 04:01:49 DEBUG: (void plans::implemented_transformer<datatype>::write() [with datatype = double] 78) - WRITING 0 16
2014-10-21 04:01:49 DEBUG: (void data::data<datatype>::transform(int) [with datatype = double] 107) - Transforming 11
2014-10-21 04:01:49 DEBUG: (void plans::implemented_transformer<datatype>::write() [with datatype = double] 78) - WRITING 0 16
2014-10-21 04:01:49 DEBUG: (void data::data<datatype>::transform(int) [with datatype = double] 107) - Transforming 13
2014-10-21 04:01:49 DEBUG: (void plans::implemented_transformer<datatype>::write() [with datatype = double] 78) - WRITING 0 16
2014-10-21 04:01:49 DEBUG: (void data::data<datatype>::transform(int) [with datatype = double] 107) - Transforming 20
2014-10-21 04:01:49 DEBUG: (void plans::implemented_transformer<datatype>::write() [with datatype = double] 78) - WRITING 0 16
2014-10-21 04:01:49 INFO : (void pisces::element<datatype>::run(int&, int, int) [with datatype = double] 146) - TOTAL TIME: 4.2e-05
2014-10-21 04:01:49 INFO : (void pisces::element<datatype>::run(int&, int, int) [with datatype = double] 151) - Updating timestep: 1.21e-05
2014-10-21 04:01:49 INFO : (void pisces::element<datatype>::run(int&, int, int) [with datatype = double] 56) - Timestep: 5
2014-10-21 04:01:49 DEBUG: (void data::data<datatype>::transform(int) [with datatype = double] 107) - Transforming 21
2014-10-21 04:01:49 DEBUG: (void plans::implemented_transformer<datatype>::read() [with datatype = double] 89) - READING 32768 16
2014-10-21 04:01:49 DEBUG: (void data::data<datatype>::transform(int) [with datatype = double] 107) - Transforming 22
2014-10-21 04:01:49 DEBUG: (void plans::implemented_transformer<datatype>::read() [with datatype = double] 89) - READING 32768 16
2014-10-21 04:01:49 DEBUG: (void data::data<datatype>::transform(int) [with datatype = double] 107) - Transforming 11
2014-10-21 04:01:49 DEBUG: (void plans::implemented_transformer<datatype>::read() [with datatype = double] 89) - READING 32768 16
2014-10-21 04:01:49 DEBUG: (void data::data<datatype>::transform(int) [with datatype = double] 107) - Transforming 13
2014-10-21 04:01:49 DEBUG: (void plans::implemented_transformer<datatype>::read() [with datatype = double] 89) - READING 32768 16
2014-10-21 04:01:49 DEBUG: (void data::data<datatype>::transform(int) [with datatype = double] 107) - Transforming 20
2014-10-21 04:01:49 DEBUG: (void plans::implemented_transformer<datatype>::read() [with datatype = double] 89) - READING 32768 16
2014-10-21 04:01:49 DEBUG: (void data::data<datatype>::transform(int) [with datatype = double] 107) - Transforming 21
2014-10-21 04:01:49 DEBUG: (void plans::implemented_transformer<datatype>::read() [with datatype = double] 89) - READING 0 16
2014-10-21 04:01:49 DEBUG: (void data::data<datatype>::transform(int) [with datatype = double] 107) - Transforming 22
2014-10-21 04:01:49 DEBUG: (void plans::implemented_transformer<datatype>::read() [with datatype = double] 89) - READING 0 16
2014-10-21 04:01:49 DEBUG: (void data::data<datatype>::transform(int) [with datatype = double] 107) - Transforming 11
2014-10-21 04:01:49 DEBUG: (void plans::implemented_transformer<datatype>::read() [with datatype = double] 89) - READING 0 16
2014-10-21 04:01:49 DEBUG: (void data::data<datatype>::transform(int) [with datatype = double] 107) - Transforming 13
2014-10-21 04:01:49 DEBUG: (void plans::implemented_transformer<datatype>::read() [with datatype = double] 89) - READING 0 16
2014-10-21 04:01:49 DEBUG: (void data::data<datatype>::transform(int) [with datatype = double] 107) - Transforming 20
2014-10-21 04:01:49 DEBUG: (void plans::implemented_transformer<datatype>::read() [with datatype = double] 89) - READING 0 16
2014-10-21 04:01:49 DEBUG: (void data::data<datatype>::transform(int) [with datatype = double] 107) - Transforming 21
2014-10-21 04:01:49 DEBUG: (void plans::implemented_transformer<datatype>::read() [with datatype = double] 89) - READING 0 0
2014-10-21 04:01:49 DEBUG: (void data::data<datatype>::transform(int) [with datatype = double] 107) - Transforming 22
2014-10-21 04:01:49 DEBUG: (void plans::implemented_transformer<datatype>::read() [with datatype = double] 89) - READING 0 0
2014-10-21 04:01:49 DEBUG: (void data::data<datatype>::transform(int) [with datatype = double] 107) - Transforming 11
2014-10-21 04:01:49 DEBUG: (void plans::implemented_transformer<datatype>::read() [with datatype = double] 89) - READING 0 0
2014-10-21 04:01:49 DEBUG: (void data::data<datatype>::transform(int) [with datatype = double] 107) - Transforming 13
2014-10-21 04:01:49 DEBUG: (void plans::implemented_transformer<datatype>::read() [with datatype = double] 89) - READING 0 0
2014-10-21 04:01:49 DEBUG: (void data::data<datatype>::transform(int) [with datatype = double] 107) - Transforming 20
2014-10-21 04:01:49 DEBUG: (void plans::implemented_transformer<datatype>::read() [with datatype = double] 89) - READING 0 0
2014-10-21 04:01:49 INFO : (void data::data<datatype>::output() [with datatype = double] 69) - OUTPUT
2014-10-21 04:01:49 DEBUG: (void data::data<datatype>::transform(int) [with datatype = double] 107) - Transforming 21
2014-10-21 04:01:49 DEBUG: (void plans::implemented_transformer<datatype>::read() [with datatype = double] 89) - READING 0 16
2014-10-21 04:01:49 DEBUG: (void data::data<datatype>::transform(int) [with datatype = double] 107) - Transforming 22
2014-10-21 04:01:49 DEBUG: (void plans::implemented_transformer<datatype>::read() [with datatype = double] 89) - READING 0 16
2014-10-21 04:01:49 DEBUG: (void data::data<datatype>::transform(int) [with datatype = double] 107) - Transforming 11
2014-10-21 04:01:49 DEBUG: (void plans::implemented_transformer<datatype>::read() [with datatype = double] 89) - READING 0 16
2014-10-21 04:01:49 DEBUG: (void data::data<datatype>::transform(int) [with datatype = double] 107) - Transforming 13
2014-10-21 04:01:49 DEBUG: (void plans::implemented_transformer<datatype>::read() [with datatype = double] 89) - READING 0 16
2014-10-21 04:01:49 DEBUG: (void data::data<datatype>::transform(int) [with datatype = double] 107) - Transforming 20
2014-10-21 04:01:49 DEBUG: (void plans::implemented_transformer<datatype>::read() [with datatype = double] 89) - READING 0 16
2014-10-21 04:01:49 INFO : (void io::formatted_output<format>::to_file(int) [with format = io::formats::two_d::netcdf] 158) - Outputting to file output/sc_gwave_01.cdf...
2014-10-21 04:01:49 INFO : (void io::formatted_output<format>::to_file(int) [with format = io::formats::two_d::netcdf] 158) - Outputting to file output/sc_gwave_t_01.cdf...
2014-10-21 04:01:49 DEBUG: (void data::data<datatype>::transform(int) [with datatype = double] 107) - Transforming 21
2014-10-21 04:01:49 DEBUG: (void plans::implemented_transformer<datatype>::write() [with datatype = double] 78) - WRITING 0 16
2014-10-21 04:01:49 DEBUG: (void data::data<datatype>::transform(int) [with datatype = double] 107) - Transforming 22
2014-10-21 04:01:49 DEBUG: (void plans::implemented_transformer<datatype>::write() [with datatype = double] 78) - WRITING 0 16
2014-10-21 04:01:49 DEBUG: (void data::data<datatype>::transform(int) [with datatype = double] 107) - Transforming 11
2014-10-21 04:01:49 DEBUG: (void plans::implemented_transformer<datatype>::write() [with datatype = double] 78) - WRITING 0 16
2014-10-21 04:01:49 DEBUG: (void data::data<datatype>::transform(int) [with datatype = double] 107) - Transforming 13
2014-10-21 04:01:49 DEBUG: (void plans::implemented_transformer<datatype>::write() [with datatype = double] 78) - WRITING 0 16
2014-10-21 04:01:49 DEBUG: (void data::data<datatype>::transform(int) [with datatype = double] 107) - Transforming 20
2014-10-21 04:01:49 DEBUG: (void plans::implemented_transformer<datatype>::write() [with datatype = double] 78) - WRITING 0 16
2014-10-21 04:01:49 INFO : (void pisces::element<datatype>::run(int&, int, int) [with datatype = double] 146) - TOTAL TIME: 5.41e-05
2014-10-21 04:01:49 INFO : (void pisces::element<datatype>::run(int&, int, int) [with datatype = double] 56) - Timestep: 6
2014-10-21 04:01:49 DEBUG: (void data::data<datatype>::transform(int) [with datatype = double] 107) - Transforming 21
2014-10-21 04:01:49 DEBUG: (void plans::implemented_transformer<datatype>::read() [with datatype = double] 89) - READING 32768 16
2014-10-21 04:01:49 DEBUG: (void data::data<datatype>::transform(int) [with datatype = double] 107) - Transforming 22
2014-10-21 04:01:49 DEBUG: (void plans::implemented_transformer<datatype>::read() [with datatype = double] 89) - READING 32768 16
2014-10-21 04:01:49 DEBUG: (void data::data<datatype>::transform(int) [with datatype = double] 107) - Transforming 11
2014-10-21 04:01:49 DEBUG: (void plans::implemented_transformer<datatype>::read() [with datatype = double] 89) - READING 32768 16
2014-10-21 04:01:49 DEBUG: (void data::data<datatype>::transform(int) [with datatype = double] 107) - Transforming 13
2014-10-21 04:01:49 DEBUG: (void plans::implemented_transformer<datatype>::read() [with datatype = double] 89) - READING 32768 16
2014-10-21 04:01:49 DEBUG: (void data::data<datatype>::transform(int) [with datatype = double] 107) - Transforming 20
2014-10-21 04:01:49 DEBUG: (void plans::implemented_transformer<datatype>::read() [with datatype = double] 89) - READING 32768 16
2014-10-21 04:01:49 DEBUG: (void data::data<datatype>::transform(int) [with datatype = double] 107) - Transforming 21
2014-10-21 04:01:49 DEBUG: (void plans::implemented_transformer<datatype>::read() [with datatype = double] 89) - READING 0 16
2014-10-21 04:01:49 DEBUG: (void data::data<datatype>::transform(int) [with datatype = double] 107) - Transforming 22
2014-10-21 04:01:49 DEBUG: (void plans::implemented_transformer<datatype>::read() [with datatype = double] 89) - READING 0 16
2014-10-21 04:01:49 DEBUG: (void data::data<datatype>::transform(int) [with datatype = double] 107) - Transforming 11
2014-10-21 04:01:49 DEBUG: (void plans::implemented_transformer<datatype>::read() [with datatype = double] 89) - READING 0 16
2014-10-21 04:01:49 DEBUG: (void data::data<datatype>::transform(int) [with datatype = double] 107) - Transforming 13
2014-10-21 04:01:49 DEBUG: (void plans::implemented_transformer<datatype>::read() [with datatype = double] 89) - READING 0 16
2014-10-21 04:01:49 DEBUG: (void data::data<datatype>::transform(int) [with datatype = double] 107) - Transforming 20
2014-10-21 04:01:49 DEBUG: (void plans::implemented_transformer<datatype>::read() [with datatype = double] 89) - READING 0 16
2014-10-21 04:01:49 DEBUG: (void data::data<datatype>::transform(int) [with datatype = double] 107) - Transforming 21
2014-10-21 04:01:49 DEBUG: (void plans::implemented_transformer<datatype>::read() [with datatype = double] 89) - READING 0 0
2014-10-21 04:01:49 DEBUG: (void data::data<datatype>::transform(int) [with datatype = double] 107) - Transforming 22
2014-10-21 04:01:49 DEBUG: (void plans::implemented_transformer<datatype>::read() [with datatype = double] 89) - READING 0 0
2014-10-21 04:01:49 DEBUG: (void data::data<datatype>::transform(int) [with datatype = double] 107) - Transforming 11
2014-10-21 04:01:49 DEBUG: (void plans::implemented_transformer<datatype>::read() [with datatype = double] 89) - READING 0 0
2014-10-21 04:01:49 DEBUG: (void data::data<datatype>::transform(int) [with datatype = double] 107) - Transforming 13
2014-10-21 04:01:49 DEBUG: (void plans::implemented_transformer<datatype>::read() [with datatype = double] 89) - READING 0 0
2014-10-21 04:01:49 DEBUG: (void data::data<datatype>::transform(int) [with datatype = double] 107) - Transforming 20
2014-10-21 04:01:49 DEBUG: (void plans::implemented_transformer<datatype>::read() [with datatype = double] 89) - READING 0 0
2014-10-21 04:01:49 INFO : (void data::data<datatype>::output() [with datatype = double] 69) - OUTPUT
2014-10-21 04:01:49 DEBUG: (void data::data<datatype>::transform(int) [with datatype = double] 107) - Transforming 21
2014-10-21 04:01:49 DEBUG: (void plans::implemented_transformer<datatype>::read() [with datatype = double] 89) - READING 0 16
2014-10-21 04:01:49 DEBUG: (void data::data<datatype>::transform(int) [with datatype = double] 107) - Transforming 22
2014-10-21 04:01:49 DEBUG: (void plans::implemented_transformer<datatype>::read() [with datatype = double] 89) - READING 0 16
2014-10-21 04:01:49 DEBUG: (void data::data<datatype>::transform(int) [with datatype = double] 107) - Transforming 11
2014-10-21 04:01:49 DEBUG: (void plans::implemented_transformer<datatype>::read() [with datatype = double] 89) - READING 0 16
2014-10-21 04:01:49 DEBUG: (void data::data<datatype>::transform(int) [with datatype = double] 107) - Transforming 13
2014-10-21 04:01:49 DEBUG: (void plans::implemented_transformer<datatype>::read() [with datatype = double] 89) - READING 0 16
2014-10-21 04:01:49 DEBUG: (void data::data<datatype>::transform(int) [with datatype = double] 107) - Transforming 20
2014-10-21 04:01:49 DEBUG: (void plans::implemented_transformer<datatype>::read() [with datatype = double] 89) - READING 0 16
2014-10-21 04:01:49 DEBUG: (void plans::incompressible_corrector<datatype>::execute() [with datatype = double] 165) - COMPRESSION SOLVE
2014-10-21 04:01:49 DEBUG: (void data::data<datatype>::transform(int) [with datatype = double] 107) - Transforming 21
2014-10-21 04:01:49 DEBUG: (void plans::implemented_transformer<datatype>::write() [with datatype = double] 78) - WRITING 0 16
2014-10-21 04:01:49 DEBUG: (void data::data<datatype>::transform(int) [with datatype = double] 107) - Transforming 22
2014-10-21 04:01:49 DEBUG: (void plans::implemented_transformer<datatype>::write() [with datatype = double] 78) - WRITING 0 16
2014-10-21 04:01:49 DEBUG: (void data::data<datatype>::transform(int) [with datatype = double] 107) - Transforming 11
2014-10-21 04:01:49 DEBUG: (void plans::implemented_transformer<datatype>::write() [with datatype = double] 78) - WRITING 0 16
2014-10-21 04:01:49 DEBUG: (void data::data<datatype>::transform(int) [with datatype = double] 107) - Transforming 13
2014-10-21 04:01:49 DEBUG: (void plans::implemented_transformer<datatype>::write() [with datatype = double] 78) - WRITING 0 16
2014-10-21 04:01:49 DEBUG: (void data::data<datatype>::transform(int) [with datatype = double] 107) - Transforming 20
2014-10-21 04:01:49 DEBUG: (void plans::implemented_transformer<datatype>::write() [with datatype = double] 78) - WRITING 0 16
2014-10-21 04:01:49 INFO : (void pisces::element<datatype>::run(int&, int, int) [with datatype = double] 146) - TOTAL TIME: 6.62e-05
2014-10-21 04:01:49 INFO : (void pisces::element<datatype>::run(int&, int, int) [with datatype = double] 151) - Updating timestep: 1.331e-05
2014-10-21 04:01:49 INFO : (void pisces::element<datatype>::run(int&, int, int) [with datatype = double] 56) - Timestep: 7
2014-10-21 04:01:49 DEBUG: (void data::data<datatype>::transform(int) [with datatype = double] 107) - Transforming 21
2014-10-21 04:01:49 DEBUG: (void plans::implemented_transformer<datatype>::read() [with datatype = double] 89) - READING 32768 16
2014-10-21 04:01:49 DEBUG: (void data::data<datatype>::transform(int) [with datatype = double] 107) - Transforming 22
2014-10-21 04:01:49 DEBUG: (void plans::implemented_transformer<datatype>::read() [with datatype = double] 89) - READING 32768 16
2014-10-21 04:01:49 DEBUG: (void data::data<datatype>::transform(int) [with datatype = double] 107) - Transforming 11
2014-10-21 04:01:49 DEBUG: (void plans::implemented_transformer<datatype>::read() [with datatype = double] 89) - READING 32768 16
2014-10-21 04:01:49 DEBUG: (void data::data<datatype>::transform(int) [with datatype = double] 107) - Transforming 13
2014-10-21 04:01:49 DEBUG: (void plans::implemented_transformer<datatype>::read() [with datatype = double] 89) - READING 32768 16
2014-10-21 04:01:49 DEBUG: (void data::data<datatype>::transform(int) [with datatype = double] 107) - Transforming 20
2014-10-21 04:01:49 DEBUG: (void plans::implemented_transformer<datatype>::read() [with datatype = double] 89) - READING 32768 16
2014-10-21 04:01:49 DEBUG: (void data::data<datatype>::transform(int) [with datatype = double] 107) - Transforming 21
2014-10-21 04:01:49 DEBUG: (void plans::implemented_transformer<datatype>::read() [with datatype = double] 89) - READING 0 16
2014-10-21 04:01:49 DEBUG: (void data::data<datatype>::transform(int) [with datatype = double] 107) - Transforming 22
2014-10-21 04:01:49 DEBUG: (void plans::implemented_transformer<datatype>::read() [with datatype = double] 89) - READING 0 16
2014-10-21 04:01:49 DEBUG: (void data::data<datatype>::transform(int) [with datatype = double] 107) - Transforming 11
2014-10-21 04:01:49 DEBUG: (void plans::implemented_transformer<datatype>::read() [with datatype = double] 89) - READING 0 16
2014-10-21 04:01:49 DEBUG: (void data::data<datatype>::transform(int) [with datatype = double] 107) - Transforming 13
2014-10-21 04:01:49 DEBUG: (void plans::implemented_transformer<datatype>::read() [with datatype = double] 89) - READING 0 16
2014-10-21 04:01:49 DEBUG: (void data::data<datatype>::transform(int) [with datatype = double] 107) - Transforming 20
2014-10-21 04:01:49 DEBUG: (void plans::implemented_transformer<datatype>::read() [with datatype = double] 89) - READING 0 16
2014-10-21 04:01:49 DEBUG: (void data::data<datatype>::transform(int) [with datatype = double] 107) - Transforming 21
2014-10-21 04:01:49 DEBUG: (void plans::implemented_transformer<datatype>::read() [with datatype = double] 89) - READING 0 0
2014-10-21 04:01:49 DEBUG: (void data::data<datatype>::transform(int) [with datatype = double] 107) - Transforming 22
2014-10-21 04:01:49 DEBUG: (void plans::implemented_transformer<datatype>::read() [with datatype = double] 89) - READING 0 0
2014-10-21 04:01:49 DEBUG: (void data::data<datatype>::transform(int) [with datatype = double] 107) - Transforming 11
2014-10-21 04:01:49 DEBUG: (void plans::implemented_transformer<datatype>::read() [with datatype = double] 89) - READING 0 0
2014-10-21 04:01:49 DEBUG: (void data::data<datatype>::transform(int) [with datatype = double] 107) - Transforming 13
2014-10-21 04:01:49 DEBUG: (void plans::implemented_transformer<datatype>::read() [with datatype = double] 89) - READING 0 0
2014-10-21 04:01:49 DEBUG: (void data::data<datatype>::transform(int) [with datatype = double] 107) - Transforming 20
2014-10-21 04:01:49 DEBUG: (void plans::implemented_transformer<datatype>::read() [with datatype = double] 89) - READING 0 0
2014-10-21 04:01:49 INFO : (void data::data<datatype>::output() [with datatype = double] 69) - OUTPUT
2014-10-21 04:01:49 DEBUG: (void data::data<datatype>::transform(int) [with datatype = double] 107) - Transforming 21
2014-10-21 04:01:49 DEBUG: (void plans::implemented_transformer<datatype>::read() [with datatype = double] 89) - READING 0 16
2014-10-21 04:01:49 DEBUG: (void data::data<datatype>::transform(int) [with datatype = double] 107) - Transforming 22
2014-10-21 04:01:49 DEBUG: (void plans::implemented_transformer<datatype>::read() [with datatype = double] 89) - READING 0 16
2014-10-21 04:01:49 DEBUG: (void data::data<datatype>::transform(int) [with datatype = double] 107) - Transforming 11
2014-10-21 04:01:49 DEBUG: (void plans::implemented_transformer<datatype>::read() [with datatype = double] 89) - READING 0 16
2014-10-21 04:01:49 DEBUG: (void data::data<datatype>::transform(int) [with datatype = double] 107) - Transforming 13
2014-10-21 04:01:49 DEBUG: (void plans::implemented_transformer<datatype>::read() [with datatype = double] 89) - READING 0 16
2014-10-21 04:01:49 DEBUG: (void data::data<datatype>::transform(int) [with datatype = double] 107) - Transforming 20
2014-10-21 04:01:49 DEBUG: (void plans::implemented_transformer<datatype>::read() [with datatype = double] 89) - READING 0 16
2014-10-21 04:01:49 INFO : (void io::formatted_output<format>::to_file(int) [with format = io::formats::two_d::netcdf] 158) - Outputting to file output/sc_gwave_01.cdf...
2014-10-21 04:01:49 DEBUG: (void data::data<datatype>::transform(int) [with datatype = double] 107) - Transforming 21
2014-10-21 04:01:49 DEBUG: (void plans::implemented_transformer<datatype>::write() [with datatype = double] 78) - WRITING 0 16
2014-10-21 04:01:49 DEBUG: (void data::data<datatype>::transform(int) [with datatype = double] 107) - Transforming 22
2014-10-21 04:01:49 DEBUG: (void plans::implemented_transformer<datatype>::write() [with datatype = double] 78) - WRITING 0 16
2014-10-21 04:01:49 DEBUG: (void data::data<datatype>::transform(int) [with datatype = double] 107) - Transforming 11
2014-10-21 04:01:49 DEBUG: (void plans::implemented_transformer<datatype>::write() [with datatype = double] 78) - WRITING 0 16
2014-10-21 04:01:49 DEBUG: (void data::data<datatype>::transform(int) [with datatype = double] 107) - Transforming 13
2014-10-21 04:01:49 DEBUG: (void plans::implemented_transformer<datatype>::write() [with datatype = double] 78) - WRITING 0 16
2014-10-21 04:01:49 DEBUG: (void data::data<datatype>::transform(int) [with datatype = double] 107) - Transforming 20
2014-10-21 04:01:49 DEBUG: (void plans::implemented_transformer<datatype>::write() [with datatype = double] 78) - WRITING 0 16
2014-10-21 04:01:49 INFO : (void pisces::element<datatype>::run(int&, int, int) [with datatype = double] 146) - TOTAL TIME: 7.951e-05
2014-10-21 04:01:49 INFO : (void pisces::element<datatype>::run(int&, int, int) [with datatype = double] 56) - Timestep: 8
2014-10-21 04:01:49 DEBUG: (void data::data<datatype>::transform(int) [with datatype = double] 107) - Transforming 21
2014-10-21 04:01:49 DEBUG: (void plans::implemented_transformer<datatype>::read() [with datatype = double] 89) - READING 32768 16
2014-10-21 04:01:49 DEBUG: (void data::data<datatype>::transform(int) [with datatype = double] 107) - Transforming 22
2014-10-21 04:01:49 DEBUG: (void plans::implemented_transformer<datatype>::read() [with datatype = double] 89) - READING 32768 16
2014-10-21 04:01:49 DEBUG: (void data::data<datatype>::transform(int) [with datatype = double] 107) - Transforming 11
2014-10-21 04:01:49 DEBUG: (void plans::implemented_transformer<datatype>::read() [with datatype = double] 89) - READING 32768 16
2014-10-21 04:01:49 DEBUG: (void data::data<datatype>::transform(int) [with datatype = double] 107) - Transforming 13
2014-10-21 04:01:49 DEBUG: (void plans::implemented_transformer<datatype>::read() [with datatype = double] 89) - READING 32768 16
2014-10-21 04:01:49 DEBUG: (void data::data<datatype>::transform(int) [with datatype = double] 107) - Transforming 20
2014-10-21 04:01:49 DEBUG: (void plans::implemented_transformer<datatype>::read() [with datatype = double] 89) - READING 32768 16
2014-10-21 04:01:49 DEBUG: (void data::data<datatype>::transform(int) [with datatype = double] 107) - Transforming 21
2014-10-21 04:01:49 DEBUG: (void plans::implemented_transformer<datatype>::read() [with datatype = double] 89) - READING 0 16
2014-10-21 04:01:49 DEBUG: (void data::data<datatype>::transform(int) [with datatype = double] 107) - Transforming 22
2014-10-21 04:01:49 DEBUG: (void plans::implemented_transformer<datatype>::read() [with datatype = double] 89) - READING 0 16
2014-10-21 04:01:49 DEBUG: (void data::data<datatype>::transform(int) [with datatype = double] 107) - Transforming 11
2014-10-21 04:01:49 DEBUG: (void plans::implemented_transformer<datatype>::read() [with datatype = double] 89) - READING 0 16
2014-10-21 04:01:49 DEBUG: (void data::data<datatype>::transform(int) [with datatype = double] 107) - Transforming 13
2014-10-21 04:01:49 DEBUG: (void plans::implemented_transformer<datatype>::read() [with datatype = double] 89) - READING 0 16
2014-10-21 04:01:49 DEBUG: (void data::data<datatype>::transform(int) [with datatype = double] 107) - Transforming 20
2014-10-21 04:01:49 DEBUG: (void plans::implemented_transformer<datatype>::read() [with datatype = double] 89) - READING 0 16
2014-10-21 04:01:49 DEBUG: (void data::data<datatype>::transform(int) [with datatype = double] 107) - Transforming 21
2014-10-21 04:01:49 DEBUG: (void plans::implemented_transformer<datatype>::read() [with datatype = double] 89) - READING 0 0
2014-10-21 04:01:49 DEBUG: (void data::data<datatype>::transform(int) [with datatype = double] 107) - Transforming 22
2014-10-21 04:01:49 DEBUG: (void plans::implemented_transformer<datatype>::read() [with datatype = double] 89) - READING 0 0
2014-10-21 04:01:49 DEBUG: (void data::data<datatype>::transform(int) [with datatype = double] 107) - Transforming 11
2014-10-21 04:01:49 DEBUG: (void plans::implemented_transformer<datatype>::read() [with datatype = double] 89) - READING 0 0
2014-10-21 04:01:49 DEBUG: (void data::data<datatype>::transform(int) [with datatype = double] 107) - Transforming 13
2014-10-21 04:01:49 DEBUG: (void plans::implemented_transformer<datatype>::read() [with datatype = double] 89) - READING 0 0
2014-10-21 04:01:49 DEBUG: (void data::data<datatype>::transform(int) [with datatype = double] 107) - Transforming 20
2014-10-21 04:01:49 DEBUG: (void plans::implemented_transformer<datatype>::read() [with datatype = double] 89) - READING 0 0
2014-10-21 04:01:49 INFO : (void data::data<datatype>::output() [with datatype = double] 69) - OUTPUT
2014-10-21 04:01:49 DEBUG: (void data::data<datatype>::transform(int) [with datatype = double] 107) - Transforming 21
2014-10-21 04:01:49 DEBUG: (void plans::implemented_transformer<datatype>::read() [with datatype = double] 89) - READING 0 16
2014-10-21 04:01:49 DEBUG: (void data::data<datatype>::transform(int) [with datatype = double] 107) - Transforming 22
2014-10-21 04:01:49 DEBUG: (void plans::implemented_transformer<datatype>::read() [with datatype = double] 89) - READING 0 16
2014-10-21 04:01:49 DEBUG: (void data::data<datatype>::transform(int) [with datatype = double] 107) - Transforming 11
2014-10-21 04:01:49 DEBUG: (void plans::implemented_transformer<datatype>::read() [with datatype = double] 89) - READING 0 16
2014-10-21 04:01:49 DEBUG: (void data::data<datatype>::transform(int) [with datatype = double] 107) - Transforming 13
2014-10-21 04:01:49 DEBUG: (void plans::implemented_transformer<datatype>::read() [with datatype = double] 89) - READING 0 16
2014-10-21 04:01:49 DEBUG: (void data::data<datatype>::transform(int) [with datatype = double] 107) - Transforming 20
2014-10-21 04:01:49 DEBUG: (void plans::implemented_transformer<datatype>::read() [with datatype = double] 89) - READING 0 16
2014-10-21 04:01:49 DEBUG: (void plans::incompressible_corrector<datatype>::execute() [with datatype = double] 165) - COMPRESSION SOLVE
2014-10-21 04:01:49 DEBUG: (void data::data<datatype>::transform(int) [with datatype = double] 107) - Transforming 21
2014-10-21 04:01:49 DEBUG: (void plans::implemented_transformer<datatype>::write() [with datatype = double] 78) - WRITING 0 16
2014-10-21 04:01:49 DEBUG: (void data::data<datatype>::transform(int) [with datatype = double] 107) - Transforming 22
2014-10-21 04:01:49 DEBUG: (void plans::implemented_transformer<datatype>::write() [with datatype = double] 78) - WRITING 0 16
2014-10-21 04:01:49 DEBUG: (void data::data<datatype>::transform(int) [with datatype = double] 107) - Transforming 11
2014-10-21 04:01:49 DEBUG: (void plans::implemented_transformer<datatype>::write() [with datatype = double] 78) - WRITING 0 16
2014-10-21 04:01:49 DEBUG: (void data::data<datatype>::transform(int) [with datatype = double] 107) - Transforming 13
2014-10-21 04:01:49 DEBUG: (void plans::implemented_transformer<datatype>::write() [with datatype = double] 78) - WRITING 0 16
2014-10-21 04:01:49 DEBUG: (void data::data<datatype>::transform(int) [with datatype = double] 107) - Transforming 20
2014-10-21 04:01:49 DEBUG: (void plans::implemented_transformer<datatype>::write() [with datatype = double] 78) - WRITING 0 16
2014-10-21 04:01:49 INFO : (void pisces::element<datatype>::run(int&, int, int) [with datatype = double] 146) - TOTAL TIME: 9.282e-05
2014-10-21 04:01:49 INFO : (void pisces::element<datatype>::run(int&, int, int) [with datatype = double] 151) - Updating timestep: 1.4641e-05
2014-10-21 04:01:49 INFO : (void pisces::element<datatype>::run(int&, int, int) [with datatype = double] 56) - Timestep: 9
2014-10-21 04:01:49 DEBUG: (void data::data<datatype>::transform(int) [with datatype = double] 107) - Transforming 21
2014-10-21 04:01:49 DEBUG: (void plans::implemented_transformer<datatype>::read() [with datatype = double] 89) - READING 32768 16
2014-10-21 04:01:49 DEBUG: (void data::data<datatype>::transform(int) [with datatype = double] 107) - Transforming 22
2014-10-21 04:01:49 DEBUG: (void plans::implemented_transformer<datatype>::read() [with datatype = double] 89) - READING 32768 16
2014-10-21 04:01:49 DEBUG: (void data::data<datatype>::transform(int) [with datatype = double] 107) - Transforming 11
2014-10-21 04:01:49 DEBUG: (void plans::implemented_transformer<datatype>::read() [with datatype = double] 89) - READING 32768 16
2014-10-21 04:01:49 DEBUG: (void data::data<datatype>::transform(int) [with datatype = double] 107) - Transforming 13
2014-10-21 04:01:49 DEBUG: (void plans::implemented_transformer<datatype>::read() [with datatype = double] 89) - READING 32768 16
2014-10-21 04:01:49 DEBUG: (void data::data<datatype>::transform(int) [with datatype = double] 107) - Transforming 20
2014-10-21 04:01:49 DEBUG: (void plans::implemented_transformer<datatype>::read() [with datatype = double] 89) - READING 32768 16
2014-10-21 04:01:49 DEBUG: (void data::data<datatype>::transform(int) [with datatype = double] 107) - Transforming 21
2014-10-21 04:01:49 DEBUG: (void plans::implemented_transformer<datatype>::read() [with datatype = double] 89) - READING 0 16
2014-10-21 04:01:49 DEBUG: (void data::data<datatype>::transform(int) [with datatype = double] 107) - Transforming 22
2014-10-21 04:01:49 DEBUG: (void plans::implemented_transformer<datatype>::read() [with datatype = double] 89) - READING 0 16
2014-10-21 04:01:49 DEBUG: (void data::data<datatype>::transform(int) [with datatype = double] 107) - Transforming 11
2014-10-21 04:01:49 DEBUG: (void plans::implemented_transformer<datatype>::read() [with datatype = double] 89) - READING 0 16
2014-10-21 04:01:49 DEBUG: (void data::data<datatype>::transform(int) [with datatype = double] 107) - Transforming 13
2014-10-21 04:01:49 DEBUG: (void plans::implemented_transformer<datatype>::read() [with datatype = double] 89) - READING 0 16
2014-10-21 04:01:49 DEBUG: (void data::data<datatype>::transform(int) [with datatype = double] 107) - Transforming 20
2014-10-21 04:01:49 DEBUG: (void plans::implemented_transformer<datatype>::read() [with datatype = double] 89) - READING 0 16
2014-10-21 04:01:49 DEBUG: (void data::data<datatype>::transform(int) [with datatype = double] 107) - Transforming 21
2014-10-21 04:01:49 DEBUG: (void plans::implemented_transformer<datatype>::read() [with datatype = double] 89) - READING 0 0
2014-10-21 04:01:49 DEBUG: (void data::data<datatype>::transform(int) [with datatype = double] 107) - Transforming 22
2014-10-21 04:01:49 DEBUG: (void plans::implemented_transformer<datatype>::read() [with datatype = double] 89) - READING 0 0
2014-10-21 04:01:49 DEBUG: (void data::data<datatype>::transform(int) [with datatype = double] 107) - Transforming 11
2014-10-21 04:01:49 DEBUG: (void plans::implemented_transformer<datatype>::read() [with datatype = double] 89) - READING 0 0
2014-10-21 04:01:49 DEBUG: (void data::data<datatype>::transform(int) [with datatype = double] 107) - Transforming 13
2014-10-21 04:01:49 DEBUG: (void plans::implemented_transformer<datatype>::read() [with datatype = double] 89) - READING 0 0
2014-10-21 04:01:49 DEBUG: (void data::data<datatype>::transform(int) [with datatype = double] 107) - Transforming 20
2014-10-21 04:01:49 DEBUG: (void plans::implemented_transformer<datatype>::read() [with datatype = double] 89) - READING 0 0
2014-10-21 04:01:49 INFO : (void data::data<datatype>::output() [with datatype = double] 69) - OUTPUT
2014-10-21 04:01:49 DEBUG: (void data::data<datatype>::transform(int) [with datatype = double] 107) - Transforming 21
2014-10-21 04:01:49 DEBUG: (void plans::implemented_transformer<datatype>::read() [with datatype = double] 89) - READING 0 16
2014-10-21 04:01:49 DEBUG: (void data::data<datatype>::transform(int) [with datatype = double] 107) - Transforming 22
2014-10-21 04:01:49 DEBUG: (void plans::implemented_transformer<datatype>::read() [with datatype = double] 89) - READING 0 16
2014-10-21 04:01:49 DEBUG: (void data::data<datatype>::transform(int) [with datatype = double] 107) - Transforming 11
2014-10-21 04:01:49 DEBUG: (void plans::implemented_transformer<datatype>::read() [with datatype = double] 89) - READING 0 16
2014-10-21 04:01:49 DEBUG: (void data::data<datatype>::transform(int) [with datatype = double] 107) - Transforming 13
2014-10-21 04:01:49 DEBUG: (void plans::implemented_transformer<datatype>::read() [with datatype = double] 89) - READING 0 16
2014-10-21 04:01:49 DEBUG: (void data::data<datatype>::transform(int) [with datatype = double] 107) - Transforming 20
2014-10-21 04:01:49 DEBUG: (void plans::implemented_transformer<datatype>::read() [with datatype = double] 89) - READING 0 16
2014-10-21 04:01:49 INFO : (void io::formatted_output<format>::to_file(int) [with format = io::formats::two_d::netcdf] 158) - Outputting to file output/sc_gwave_01.cdf...
2014-10-21 04:01:49 DEBUG: (void data::data<datatype>::transform(int) [with datatype = double] 107) - Transforming 21
2014-10-21 04:01:49 DEBUG: (void plans::implemented_transformer<datatype>::write() [with datatype = double] 78) - WRITING 0 16
2014-10-21 04:01:49 DEBUG: (void data::data<datatype>::transform(int) [with datatype = double] 107) - Transforming 22
2014-10-21 04:01:49 DEBUG: (void plans::implemented_transformer<datatype>::write() [with datatype = double] 78) - WRITING 0 16
2014-10-21 04:01:49 DEBUG: (void data::data<datatype>::transform(int) [with datatype = double] 107) - Transforming 11
2014-10-21 04:01:49 DEBUG: (void plans::implemented_transformer<datatype>::write() [with datatype = double] 78) - WRITING 0 16
2014-10-21 04:01:49 DEBUG: (void data::data<datatype>::transform(int) [with datatype = double] 107) - Transforming 13
2014-10-21 04:01:49 DEBUG: (void plans::implemented_transformer<datatype>::write() [with datatype = double] 78) - WRITING 0 16
2014-10-21 04:01:49 DEBUG: (void data::data<datatype>::transform(int) [with datatype = double] 107) - Transforming 20
2014-10-21 04:01:49 DEBUG: (void plans::implemented_transformer<datatype>::write() [with datatype = double] 78) - WRITING 0 16
2014-10-21 04:01:49 INFO : (void pisces::element<datatype>::run(int&, int, int) [with datatype = double] 146) - TOTAL TIME: 0.000107461
2014-10-21 04:01:49 DEBUG: (void data::data<datatype>::transform(int) [with datatype = double] 107) - Transforming 21
2014-10-21 04:01:49 DEBUG: (void plans::implemented_transformer<datatype>::read() [with datatype = double] 89) - READING 32768 16
2014-10-21 04:01:49 DEBUG: (void data::data<datatype>::transform(int) [with datatype = double] 107) - Transforming 22
2014-10-21 04:01:49 DEBUG: (void plans::implemented_transformer<datatype>::read() [with datatype = double] 89) - READING 32768 16
2014-10-21 04:01:49 DEBUG: (void data::data<datatype>::transform(int) [with datatype = double] 107) - Transforming 11
2014-10-21 04:01:49 DEBUG: (void plans::implemented_transformer<datatype>::read() [with datatype = double] 89) - READING 32768 16
2014-10-21 04:01:49 DEBUG: (void data::data<datatype>::transform(int) [with datatype = double] 107) - Transforming 13
2014-10-21 04:01:49 DEBUG: (void plans::implemented_transformer<datatype>::read() [with datatype = double] 89) - READING 32768 16
2014-10-21 04:01:49 DEBUG: (void data::data<datatype>::transform(int) [with datatype = double] 107) - Transforming 20
2014-10-21 04:01:49 DEBUG: (void plans::implemented_transformer<datatype>::read() [with datatype = double] 89) - READING 32768 16
2014-10-21 04:01:49 INFO : (void pisces::element<datatype>::run(int&, int, int) [with datatype = double] 162) - Profiling Factorize: CPU Time: 0.001501 Wall Time: 0.001521 Efficiency: 24.6713%
2014-10-21 04:01:49 INFO : (void pisces::element<datatype>::run(int&, int, int) [with datatype = double] 163) - Profiling Transform: CPU Time: 0.013022 Wall Time: 0.013349 Efficiency: 24.3876%
2014-10-21 04:01:49 INFO : (void pisces::element<datatype>::run(int&, int, int) [with datatype = double] 164) - Profiling Execute: CPU Time: 0.009727 Wall Time: 0.005307 Efficiency: 45.8216%
2014-10-21 04:01:49 INFO : (void pisces::element<datatype>::run(int&, int, int) [with datatype = double] 165) - Profiling Timestep: CPU Time: 0.002604 Wall Time: 0.002186 Efficiency: 29.7804%
2014-10-21 04:01:49 INFO : (void pisces::element<datatype>::run(int&, int, int) [with datatype = double] 166) - Profiling Solve: CPU Time: 0.008411 Wall Time: 0.008658 Efficiency: 24.2868%
2014-10-21 04:01:49 INFO : (void pisces::element<datatype>::run(int&, int, int) [with datatype = double] 167) - Profiling Output: CPU Time: 0.000368 Wall Time: 0.000366 Efficiency: 25.1366%
2014-10-21 04:01:49 INFO : (void pisces::element<datatype>::run(int&, int, int) [with datatype = double] 168) - Max Threads = 4 of 4
2014-10-21 04:01:49 INFO : (int main(int, char**) 213) - Main complete. CPU Time: 0.042468 Wall Time: 0.038292 Efficiency: 27.7264%
