file /Users/justinbrown/Dropbox/pisces/src/SConscript,line 12:
	Configure(confdir = .sconf_temp)
scons: Configure: Checking for C library log4cxx... 
scons: Configure: ".sconf_temp/conftest_0.c" is up to date.
scons: Configure: The original builder output was:
  |.sconf_temp/conftest_0.c <-
  |  |
  |  |
  |  |
  |  |int
  |  |main() {
  |  |  
  |  |return 0;
  |  |}
  |  |
  |
gcc -o .sconf_temp/conftest_0.o -c -D_MPI -Wall -g -std=c++0x .sconf_temp/conftest_0.c
cc1: warning: command line option "-std=c++0x" is valid for C++/ObjC++ but not for C
gcc -o .sconf_temp/conftest_0 .sconf_temp/conftest_0.o -llog4cxx
ld: library not found for -llog4cxx
collect2: ld returned 1 exit status
scons: Configure: no

scons: Configure: Checking for C library pthread... 
scons: Configure: ".sconf_temp/conftest_1.c" is up to date.
scons: Configure: The original builder output was:
  |.sconf_temp/conftest_1.c <-
  |  |
  |  |
  |  |
  |  |int
  |  |main() {
  |  |  
  |  |return 0;
  |  |}
  |  |
  |
gcc -o .sconf_temp/conftest_1.o -c -D_MPI -Wall -g -std=c++0x .sconf_temp/conftest_1.c
cc1: warning: command line option "-std=c++0x" is valid for C++/ObjC++ but not for C
gcc -o .sconf_temp/conftest_1 .sconf_temp/conftest_1.o -lpthread
scons: Configure: yes


file /Users/justinbrown/Dropbox/pisces/src/utils/SConscript,line 7:
	Configure(confdir = .sconf_temp)
scons: Configure: Checking for C library lapack... 
scons: Configure: ".sconf_temp/conftest_2.c" is up to date.
scons: Configure: The original builder output was:
  |.sconf_temp/conftest_2.c <-
  |  |
  |  |
  |  |
  |  |int
  |  |main() {
  |  |  
  |  |return 0;
  |  |}
  |  |
  |
gcc -o .sconf_temp/conftest_2.o -c -D_MPI -Wall -g -std=c++0x .sconf_temp/conftest_2.c
cc1: warning: command line option "-std=c++0x" is valid for C++/ObjC++ but not for C
gcc -o .sconf_temp/conftest_2 .sconf_temp/conftest_2.o -lpthread -lfftw3 -lfftw3f -llapack
scons: Configure: yes

scons: Configure: Checking for C library blas... 
scons: Configure: ".sconf_temp/conftest_3.c" is up to date.
scons: Configure: The original builder output was:
  |.sconf_temp/conftest_3.c <-
  |  |
  |  |
  |  |
  |  |int
  |  |main() {
  |  |  
  |  |return 0;
  |  |}
  |  |
  |
gcc -o .sconf_temp/conftest_3.o -c -D_MPI -Wall -g -std=c++0x .sconf_temp/conftest_3.c
cc1: warning: command line option "-std=c++0x" is valid for C++/ObjC++ but not for C
gcc -o .sconf_temp/conftest_3 .sconf_temp/conftest_3.o -lpthread -lfftw3 -lfftw3f -llapack -lblas
scons: Configure: yes

scons: Configure: Checking for C library atlas... 
scons: Configure: ".sconf_temp/conftest_4.c" is up to date.
scons: Configure: The original builder output was:
  |.sconf_temp/conftest_4.c <-
  |  |
  |  |
  |  |
  |  |int
  |  |main() {
  |  |  
  |  |return 0;
  |  |}
  |  |
  |
gcc -o .sconf_temp/conftest_4.o -c -D_MPI -Wall -g -std=c++0x .sconf_temp/conftest_4.c
cc1: warning: command line option "-std=c++0x" is valid for C++/ObjC++ but not for C
gcc -o .sconf_temp/conftest_4 .sconf_temp/conftest_4.o -lpthread -lfftw3 -lfftw3f -llapack -lblas -latlas
scons: Configure: yes

scons: Configure: Checking for C library netcdf_c++... 
scons: Configure: ".sconf_temp/conftest_5.c" is up to date.
scons: Configure: The original builder output was:
  |.sconf_temp/conftest_5.c <-
  |  |
  |  |
  |  |
  |  |int
  |  |main() {
  |  |  
  |  |return 0;
  |  |}
  |  |
  |
gcc -o .sconf_temp/conftest_5.o -c -D_MPI -Wall -g -std=c++0x .sconf_temp/conftest_5.c
cc1: warning: command line option "-std=c++0x" is valid for C++/ObjC++ but not for C
gcc -o .sconf_temp/conftest_5 .sconf_temp/conftest_5.o -lpthread -lfftw3 -lfftw3f -llapack -lblas -latlas -lnetcdf_c++
scons: Configure: yes


