2015-01-21 07:12:19 INFO : (int main(int, char**) 119) - Reading from config file config.yaml
2015-01-21 07:12:19 INFO : (int main(int, char**) 123) - Overwriting config variable parallel.maxthreads with 1
2015-01-21 07:12:19 INFO : (int main(int, char**) 123) - Overwriting config variable parallel.transform.threads with 1
2015-01-21 07:12:19 INFO : (void io::formatted_input<format>::from_file(int) [with format = io::formats::two_d::netcdf] 108) - Inputting from file input/input_02.cdf...
2015-01-21 07:12:19 WARN : (static void io::formats::two_d::netcdf::read(const io::data_grid&, std::string, std::string, void*, int, int) [with datatype = double; std::string = std::basic_string<char>] 120) - Variable x not found in file
2015-01-21 07:12:19 WARN : (static void io::formats::two_d::netcdf::read(const io::data_grid&, std::string, std::string, void*, int, int) [with datatype = double; std::string = std::basic_string<char>] 120) - Variable z not found in file
2015-01-21 07:12:19 WARN : (static void io::formats::two_d::netcdf::read(const io::data_grid&, std::string, std::string, void*, int, int) [with datatype = double; std::string = std::basic_string<char>] 120) - Variable u not found in file
2015-01-21 07:12:19 WARN : (static void io::formats::two_d::netcdf::read(const io::data_grid&, std::string, std::string, void*, int, int) [with datatype = double; std::string = std::basic_string<char>] 120) - Variable w not found in file
2015-01-21 07:12:19 WARN : (static void io::formats::two_d::netcdf::read(const io::data_grid&, std::string, std::string, void*, int, int) [with datatype = double; std::string = std::basic_string<char>] 120) - Variable P not found in file
2015-01-21 07:12:19 INFO : (int main(int, char**) 149) - element.version < 0.6.0.0
2015-01-21 07:12:19 INFO : (void pisces::element<datatype>::run(int&, int, int) [with datatype = double] 60) - Timestep: 0
2015-01-21 07:12:19 INFO : (void io::formatted_output<format>::to_file(int) [with format = io::formats::two_d::netcdf] 158) - Outputting to file output/sc_gwave_t_02.cdf...
2015-01-21 07:12:19 INFO : (void io::formatted_output<format>::to_file(int) [with format = io::formats::two_d::netcdf] 158) - Outputting to file output/sc_gwave_02.cdf...
2015-01-21 07:12:19 INFO : (void io::formatted_output<format>::to_file(int) [with format = io::formats::ascii] 158) - Outputting to file output/sc_gwave_02.dat...
2015-01-21 07:12:19 INFO : (void io::formatted_output<format>::to_file(int) [with format = io::formats::two_d::netcdf] 158) - Outputting to file input/dump_02.cdf...
2015-01-21 07:12:19 INFO : (void pisces::element<datatype>::run(int&, int, int) [with datatype = double] 144) - TOTAL TIME: 0
2015-01-21 07:12:19 INFO : (void pisces::element<datatype>::run(int&, int, int) [with datatype = double] 149) - Updating timestep: 1e-05
2015-01-21 07:12:19 INFO : (void pisces::element<datatype>::run(int&, int, int) [with datatype = double] 60) - Timestep: 1
2015-01-21 07:12:19 INFO : (void pisces::element<datatype>::run(int&, int, int) [with datatype = double] 144) - TOTAL TIME: 1e-05
2015-01-21 07:12:19 INFO : (void pisces::element<datatype>::run(int&, int, int) [with datatype = double] 60) - Timestep: 2
2015-01-21 07:12:19 INFO : (void pisces::element<datatype>::run(int&, int, int) [with datatype = double] 144) - TOTAL TIME: 2e-05
2015-01-21 07:12:19 INFO : (void pisces::element<datatype>::run(int&, int, int) [with datatype = double] 149) - Updating timestep: 1.5e-05
2015-01-21 07:12:19 INFO : (void pisces::element<datatype>::run(int&, int, int) [with datatype = double] 60) - Timestep: 3
2015-01-21 07:12:19 INFO : (void pisces::element<datatype>::run(int&, int, int) [with datatype = double] 144) - TOTAL TIME: 3.5e-05
2015-01-21 07:12:19 INFO : (void pisces::element<datatype>::run(int&, int, int) [with datatype = double] 60) - Timestep: 4
2015-01-21 07:12:19 INFO : (void pisces::element<datatype>::run(int&, int, int) [with datatype = double] 144) - TOTAL TIME: 5e-05
2015-01-21 07:12:19 INFO : (void pisces::element<datatype>::run(int&, int, int) [with datatype = double] 149) - Updating timestep: 2.25e-05
2015-01-21 07:12:19 INFO : (void pisces::element<datatype>::run(int&, int, int) [with datatype = double] 60) - Timestep: 5
2015-01-21 07:12:19 INFO : (void pisces::element<datatype>::run(int&, int, int) [with datatype = double] 144) - TOTAL TIME: 7.25e-05
2015-01-21 07:12:19 INFO : (void pisces::element<datatype>::run(int&, int, int) [with datatype = double] 60) - Timestep: 6
2015-01-21 07:12:19 INFO : (void pisces::element<datatype>::run(int&, int, int) [with datatype = double] 144) - TOTAL TIME: 9.5e-05
2015-01-21 07:12:19 INFO : (void pisces::element<datatype>::run(int&, int, int) [with datatype = double] 149) - Updating timestep: 3.375e-05
2015-01-21 07:12:19 INFO : (void pisces::element<datatype>::run(int&, int, int) [with datatype = double] 60) - Timestep: 7
2015-01-21 07:12:19 INFO : (void pisces::element<datatype>::run(int&, int, int) [with datatype = double] 144) - TOTAL TIME: 0.00012875
2015-01-21 07:12:19 INFO : (void pisces::element<datatype>::run(int&, int, int) [with datatype = double] 60) - Timestep: 8
2015-01-21 07:12:19 INFO : (void pisces::element<datatype>::run(int&, int, int) [with datatype = double] 144) - TOTAL TIME: 0.0001625
2015-01-21 07:12:19 INFO : (void pisces::element<datatype>::run(int&, int, int) [with datatype = double] 149) - Updating timestep: 5.0625e-05
2015-01-21 07:12:19 INFO : (void pisces::element<datatype>::run(int&, int, int) [with datatype = double] 60) - Timestep: 9
2015-01-21 07:12:19 INFO : (void pisces::element<datatype>::run(int&, int, int) [with datatype = double] 144) - TOTAL TIME: 0.000213125
2015-01-21 07:12:19 INFO : (void pisces::element<datatype>::run(int&, int, int) [with datatype = double] 60) - Timestep: 10
2015-01-21 07:12:19 INFO : (void io::formatted_output<format>::to_file(int) [with format = io::formats::two_d::netcdf] 158) - Outputting to file output/sc_gwave_t_02.cdf...
2015-01-21 07:12:19 INFO : (void io::formatted_output<format>::to_file(int) [with format = io::formats::two_d::netcdf] 158) - Outputting to file output/sc_gwave_02.cdf...
2015-01-21 07:12:19 INFO : (void pisces::element<datatype>::run(int&, int, int) [with datatype = double] 144) - TOTAL TIME: 0.00026375
2015-01-21 07:12:19 INFO : (void pisces::element<datatype>::run(int&, int, int) [with datatype = double] 149) - Updating timestep: 7.59375e-05
2015-01-21 07:12:19 INFO : (void pisces::element<datatype>::run(int&, int, int) [with datatype = double] 60) - Timestep: 11
2015-01-21 07:12:19 INFO : (void pisces::element<datatype>::run(int&, int, int) [with datatype = double] 144) - TOTAL TIME: 0.000339688
2015-01-21 07:12:19 INFO : (void pisces::element<datatype>::run(int&, int, int) [with datatype = double] 60) - Timestep: 12
2015-01-21 07:12:19 INFO : (void pisces::element<datatype>::run(int&, int, int) [with datatype = double] 144) - TOTAL TIME: 0.000415625
2015-01-21 07:12:19 INFO : (void pisces::element<datatype>::run(int&, int, int) [with datatype = double] 149) - Updating timestep: 0.000113906
2015-01-21 07:12:19 INFO : (void pisces::element<datatype>::run(int&, int, int) [with datatype = double] 60) - Timestep: 13
2015-01-21 07:12:19 INFO : (void pisces::element<datatype>::run(int&, int, int) [with datatype = double] 144) - TOTAL TIME: 0.000529531
2015-01-21 07:12:19 INFO : (void pisces::element<datatype>::run(int&, int, int) [with datatype = double] 60) - Timestep: 14
2015-01-21 07:12:19 INFO : (void pisces::element<datatype>::run(int&, int, int) [with datatype = double] 144) - TOTAL TIME: 0.000643438
2015-01-21 07:12:19 INFO : (void pisces::element<datatype>::run(int&, int, int) [with datatype = double] 149) - Updating timestep: 0.000170859
2015-01-21 07:12:19 INFO : (void pisces::element<datatype>::run(int&, int, int) [with datatype = double] 60) - Timestep: 15
2015-01-21 07:12:19 INFO : (void pisces::element<datatype>::run(int&, int, int) [with datatype = double] 144) - TOTAL TIME: 0.000814297
2015-01-21 07:12:19 INFO : (void pisces::element<datatype>::run(int&, int, int) [with datatype = double] 60) - Timestep: 16
2015-01-21 07:12:19 INFO : (void pisces::element<datatype>::run(int&, int, int) [with datatype = double] 144) - TOTAL TIME: 0.000985156
2015-01-21 07:12:19 INFO : (void pisces::element<datatype>::run(int&, int, int) [with datatype = double] 149) - Updating timestep: 0.000256289
2015-01-21 07:12:19 INFO : (void pisces::element<datatype>::run(int&, int, int) [with datatype = double] 60) - Timestep: 17
2015-01-21 07:12:19 INFO : (void pisces::element<datatype>::run(int&, int, int) [with datatype = double] 144) - TOTAL TIME: 0.00124145
2015-01-21 07:12:19 INFO : (void pisces::element<datatype>::run(int&, int, int) [with datatype = double] 60) - Timestep: 18
2015-01-21 07:12:19 INFO : (void pisces::element<datatype>::run(int&, int, int) [with datatype = double] 144) - TOTAL TIME: 0.00149773
2015-01-21 07:12:19 INFO : (void pisces::element<datatype>::run(int&, int, int) [with datatype = double] 149) - Updating timestep: 0.000384434
2015-01-21 07:12:19 INFO : (void pisces::element<datatype>::run(int&, int, int) [with datatype = double] 60) - Timestep: 19
2015-01-21 07:12:19 INFO : (void pisces::element<datatype>::run(int&, int, int) [with datatype = double] 144) - TOTAL TIME: 0.00188217
2015-01-21 07:12:19 INFO : (void pisces::element<datatype>::run(int&, int, int) [with datatype = double] 60) - Timestep: 20
2015-01-21 07:12:19 INFO : (void io::formatted_output<format>::to_file(int) [with format = io::formats::two_d::netcdf] 158) - Outputting to file output/sc_gwave_t_02.cdf...
2015-01-21 07:12:19 INFO : (void io::formatted_output<format>::to_file(int) [with format = io::formats::two_d::netcdf] 158) - Outputting to file output/sc_gwave_02.cdf...
2015-01-21 07:12:19 INFO : (void pisces::element<datatype>::run(int&, int, int) [with datatype = double] 144) - TOTAL TIME: 0.0022666
2015-01-21 07:12:19 INFO : (void pisces::element<datatype>::run(int&, int, int) [with datatype = double] 149) - Updating timestep: 0.00057665
2015-01-21 07:12:19 INFO : (void pisces::element<datatype>::run(int&, int, int) [with datatype = double] 60) - Timestep: 21
2015-01-21 07:12:19 INFO : (void pisces::element<datatype>::run(int&, int, int) [with datatype = double] 144) - TOTAL TIME: 0.00284325
2015-01-21 07:12:19 INFO : (void pisces::element<datatype>::run(int&, int, int) [with datatype = double] 60) - Timestep: 22
2015-01-21 07:12:19 INFO : (void pisces::element<datatype>::run(int&, int, int) [with datatype = double] 144) - TOTAL TIME: 0.0034199
2015-01-21 07:12:19 INFO : (void pisces::element<datatype>::run(int&, int, int) [with datatype = double] 149) - Updating timestep: 0.000864976
2015-01-21 07:12:19 INFO : (void pisces::element<datatype>::run(int&, int, int) [with datatype = double] 60) - Timestep: 23
2015-01-21 07:12:19 INFO : (void pisces::element<datatype>::run(int&, int, int) [with datatype = double] 144) - TOTAL TIME: 0.00428488
2015-01-21 07:12:19 INFO : (void pisces::element<datatype>::run(int&, int, int) [with datatype = double] 60) - Timestep: 24
2015-01-21 07:12:19 INFO : (void pisces::element<datatype>::run(int&, int, int) [with datatype = double] 144) - TOTAL TIME: 0.00514985
2015-01-21 07:12:19 INFO : (void pisces::element<datatype>::run(int&, int, int) [with datatype = double] 149) - Updating timestep: 0.00129746
2015-01-21 07:12:19 INFO : (void pisces::element<datatype>::run(int&, int, int) [with datatype = double] 60) - Timestep: 25
2015-01-21 07:12:19 INFO : (void pisces::element<datatype>::run(int&, int, int) [with datatype = double] 144) - TOTAL TIME: 0.00644732
2015-01-21 07:12:19 INFO : (void pisces::element<datatype>::run(int&, int, int) [with datatype = double] 60) - Timestep: 26
2015-01-21 07:12:19 INFO : (void pisces::element<datatype>::run(int&, int, int) [with datatype = double] 144) - TOTAL TIME: 0.00774478
2015-01-21 07:12:19 INFO : (void pisces::element<datatype>::run(int&, int, int) [with datatype = double] 149) - Updating timestep: 0.0019462
2015-01-21 07:12:19 INFO : (void pisces::element<datatype>::run(int&, int, int) [with datatype = double] 60) - Timestep: 27
2015-01-21 07:12:19 INFO : (void pisces::element<datatype>::run(int&, int, int) [with datatype = double] 144) - TOTAL TIME: 0.00969098
2015-01-21 07:12:19 INFO : (void pisces::element<datatype>::run(int&, int, int) [with datatype = double] 60) - Timestep: 28
2015-01-21 07:12:19 INFO : (void pisces::element<datatype>::run(int&, int, int) [with datatype = double] 144) - TOTAL TIME: 0.0116372
2015-01-21 07:12:19 INFO : (void pisces::element<datatype>::run(int&, int, int) [with datatype = double] 149) - Updating timestep: 0.00291929
2015-01-21 07:12:19 INFO : (void pisces::element<datatype>::run(int&, int, int) [with datatype = double] 60) - Timestep: 29
2015-01-21 07:12:19 INFO : (void pisces::element<datatype>::run(int&, int, int) [with datatype = double] 144) - TOTAL TIME: 0.0145565
2015-01-21 07:12:19 INFO : (void pisces::element<datatype>::run(int&, int, int) [with datatype = double] 60) - Timestep: 30
2015-01-21 07:12:19 INFO : (void io::formatted_output<format>::to_file(int) [with format = io::formats::two_d::netcdf] 158) - Outputting to file output/sc_gwave_t_02.cdf...
2015-01-21 07:12:19 INFO : (void io::formatted_output<format>::to_file(int) [with format = io::formats::two_d::netcdf] 158) - Outputting to file output/sc_gwave_02.cdf...
2015-01-21 07:12:19 INFO : (void pisces::element<datatype>::run(int&, int, int) [with datatype = double] 144) - TOTAL TIME: 0.0174758
2015-01-21 07:12:19 INFO : (void pisces::element<datatype>::run(int&, int, int) [with datatype = double] 149) - Updating timestep: 0.00437894
2015-01-21 07:12:19 INFO : (void pisces::element<datatype>::run(int&, int, int) [with datatype = double] 60) - Timestep: 31
2015-01-21 07:12:19 INFO : (void pisces::element<datatype>::run(int&, int, int) [with datatype = double] 144) - TOTAL TIME: 0.0218547
2015-01-21 07:12:19 INFO : (void pisces::element<datatype>::run(int&, int, int) [with datatype = double] 60) - Timestep: 32
2015-01-21 07:12:19 INFO : (void pisces::element<datatype>::run(int&, int, int) [with datatype = double] 144) - TOTAL TIME: 0.0262336
2015-01-21 07:12:19 INFO : (void pisces::element<datatype>::run(int&, int, int) [with datatype = double] 149) - Updating timestep: 0.00656841
2015-01-21 07:12:19 INFO : (void pisces::element<datatype>::run(int&, int, int) [with datatype = double] 60) - Timestep: 33
2015-01-21 07:12:19 INFO : (void pisces::element<datatype>::run(int&, int, int) [with datatype = double] 144) - TOTAL TIME: 0.032802
2015-01-21 07:12:19 INFO : (void pisces::element<datatype>::run(int&, int, int) [with datatype = double] 60) - Timestep: 34
2015-01-21 07:12:19 INFO : (void pisces::element<datatype>::run(int&, int, int) [with datatype = double] 144) - TOTAL TIME: 0.0393705
2015-01-21 07:12:19 INFO : (void pisces::element<datatype>::run(int&, int, int) [with datatype = double] 149) - Updating timestep: 0.00985261
2015-01-21 07:12:19 INFO : (void pisces::element<datatype>::run(int&, int, int) [with datatype = double] 60) - Timestep: 35
2015-01-21 07:12:19 INFO : (void pisces::element<datatype>::run(int&, int, int) [with datatype = double] 144) - TOTAL TIME: 0.0492231
2015-01-21 07:12:19 INFO : (void pisces::element<datatype>::run(int&, int, int) [with datatype = double] 60) - Timestep: 36
2015-01-21 07:12:19 INFO : (void pisces::element<datatype>::run(int&, int, int) [with datatype = double] 144) - TOTAL TIME: 0.0590757
2015-01-21 07:12:19 INFO : (void pisces::element<datatype>::run(int&, int, int) [with datatype = double] 149) - Updating timestep: 0.0147789
2015-01-21 07:12:19 INFO : (void pisces::element<datatype>::run(int&, int, int) [with datatype = double] 60) - Timestep: 37
2015-01-21 07:12:19 INFO : (void pisces::element<datatype>::run(int&, int, int) [with datatype = double] 144) - TOTAL TIME: 0.0738546
2015-01-21 07:12:19 INFO : (void pisces::element<datatype>::run(int&, int, int) [with datatype = double] 60) - Timestep: 38
2015-01-21 07:12:19 INFO : (void pisces::element<datatype>::run(int&, int, int) [with datatype = double] 144) - TOTAL TIME: 0.0886335
2015-01-21 07:12:19 INFO : (void pisces::element<datatype>::run(int&, int, int) [with datatype = double] 149) - Updating timestep: 0.0221684
2015-01-21 07:12:19 INFO : (void pisces::element<datatype>::run(int&, int, int) [with datatype = double] 60) - Timestep: 39
2015-01-21 07:12:19 INFO : (void pisces::element<datatype>::run(int&, int, int) [with datatype = double] 144) - TOTAL TIME: 0.110802
2015-01-21 07:12:19 INFO : (void pisces::element<datatype>::run(int&, int, int) [with datatype = double] 60) - Timestep: 40
2015-01-21 07:12:19 INFO : (void io::formatted_output<format>::to_file(int) [with format = io::formats::two_d::netcdf] 158) - Outputting to file output/sc_gwave_t_02.cdf...
2015-01-21 07:12:19 INFO : (void io::formatted_output<format>::to_file(int) [with format = io::formats::two_d::netcdf] 158) - Outputting to file output/sc_gwave_02.cdf...
2015-01-21 07:12:19 INFO : (void pisces::element<datatype>::run(int&, int, int) [with datatype = double] 144) - TOTAL TIME: 0.13297
2015-01-21 07:12:19 INFO : (void pisces::element<datatype>::run(int&, int, int) [with datatype = double] 149) - Updating timestep: 0.0332526
2015-01-21 07:12:19 INFO : (void pisces::element<datatype>::run(int&, int, int) [with datatype = double] 60) - Timestep: 41
2015-01-21 07:12:19 INFO : (void pisces::element<datatype>::run(int&, int, int) [with datatype = double] 144) - TOTAL TIME: 0.166223
2015-01-21 07:12:19 INFO : (void pisces::element<datatype>::run(int&, int, int) [with datatype = double] 60) - Timestep: 42
2015-01-21 07:12:19 INFO : (void pisces::element<datatype>::run(int&, int, int) [with datatype = double] 144) - TOTAL TIME: 0.199475
2015-01-21 07:12:19 INFO : (void pisces::element<datatype>::run(int&, int, int) [with datatype = double] 149) - Updating timestep: 0.0498789
2015-01-21 07:12:19 INFO : (void pisces::element<datatype>::run(int&, int, int) [with datatype = double] 60) - Timestep: 43
2015-01-21 07:12:19 INFO : (void pisces::element<datatype>::run(int&, int, int) [with datatype = double] 144) - TOTAL TIME: 0.249354
2015-01-21 07:12:19 INFO : (void pisces::element<datatype>::run(int&, int, int) [with datatype = double] 60) - Timestep: 44
2015-01-21 07:12:19 INFO : (void pisces::element<datatype>::run(int&, int, int) [with datatype = double] 144) - TOTAL TIME: 0.299233
2015-01-21 07:12:19 INFO : (void pisces::element<datatype>::run(int&, int, int) [with datatype = double] 149) - Updating timestep: 0.0748183
2015-01-21 07:12:19 INFO : (void pisces::element<datatype>::run(int&, int, int) [with datatype = double] 60) - Timestep: 45
2015-01-21 07:12:19 INFO : (void pisces::element<datatype>::run(int&, int, int) [with datatype = double] 144) - TOTAL TIME: 0.374051
2015-01-21 07:12:19 INFO : (void pisces::element<datatype>::run(int&, int, int) [with datatype = double] 60) - Timestep: 46
2015-01-21 07:12:19 INFO : (void pisces::element<datatype>::run(int&, int, int) [with datatype = double] 144) - TOTAL TIME: 0.44887
2015-01-21 07:12:19 INFO : (void pisces::element<datatype>::run(int&, int, int) [with datatype = double] 149) - Updating timestep: 0.112227
2015-01-21 07:12:19 INFO : (void pisces::element<datatype>::run(int&, int, int) [with datatype = double] 60) - Timestep: 47
2015-01-21 07:12:20 INFO : (void pisces::element<datatype>::run(int&, int, int) [with datatype = double] 144) - TOTAL TIME: 0.561097
2015-01-21 07:12:20 INFO : (void pisces::element<datatype>::run(int&, int, int) [with datatype = double] 60) - Timestep: 48
2015-01-21 07:12:20 INFO : (void pisces::element<datatype>::run(int&, int, int) [with datatype = double] 144) - TOTAL TIME: 0.673324
2015-01-21 07:12:20 INFO : (void pisces::element<datatype>::run(int&, int, int) [with datatype = double] 149) - Updating timestep: 0.168341
2015-01-21 07:12:20 INFO : (void pisces::element<datatype>::run(int&, int, int) [with datatype = double] 60) - Timestep: 49
2015-01-21 07:12:20 INFO : (void pisces::element<datatype>::run(int&, int, int) [with datatype = double] 144) - TOTAL TIME: 0.841666
2015-01-21 07:12:20 INFO : (void pisces::element<datatype>::run(int&, int, int) [with datatype = double] 60) - Timestep: 50
2015-01-21 07:12:20 INFO : (void io::formatted_output<format>::to_file(int) [with format = io::formats::two_d::netcdf] 158) - Outputting to file output/sc_gwave_t_02.cdf...
2015-01-21 07:12:20 INFO : (void io::formatted_output<format>::to_file(int) [with format = io::formats::two_d::netcdf] 158) - Outputting to file output/sc_gwave_02.cdf...
2015-01-21 07:12:20 INFO : (void io::formatted_output<format>::to_file(int) [with format = io::formats::ascii] 158) - Outputting to file output/sc_gwave_02.dat...
2015-01-21 07:12:20 INFO : (void pisces::element<datatype>::run(int&, int, int) [with datatype = double] 144) - TOTAL TIME: 1.01001
2015-01-21 07:12:20 INFO : (void pisces::element<datatype>::run(int&, int, int) [with datatype = double] 149) - Updating timestep: 0.252512
2015-01-21 07:12:20 INFO : (void pisces::element<datatype>::run(int&, int, int) [with datatype = double] 60) - Timestep: 51
2015-01-21 07:12:20 INFO : (void pisces::element<datatype>::run(int&, int, int) [with datatype = double] 144) - TOTAL TIME: 1.26252
2015-01-21 07:12:20 INFO : (void pisces::element<datatype>::run(int&, int, int) [with datatype = double] 60) - Timestep: 52
2015-01-21 07:12:20 INFO : (void pisces::element<datatype>::run(int&, int, int) [with datatype = double] 144) - TOTAL TIME: 1.51503
2015-01-21 07:12:20 INFO : (void pisces::element<datatype>::run(int&, int, int) [with datatype = double] 149) - Updating timestep: 0.378768
2015-01-21 07:12:20 INFO : (void pisces::element<datatype>::run(int&, int, int) [with datatype = double] 60) - Timestep: 53
2015-01-21 07:12:20 INFO : (void pisces::element<datatype>::run(int&, int, int) [with datatype = double] 144) - TOTAL TIME: 1.8938
2015-01-21 07:12:20 INFO : (void pisces::element<datatype>::run(int&, int, int) [with datatype = double] 60) - Timestep: 54
2015-01-21 07:12:20 INFO : (void pisces::element<datatype>::run(int&, int, int) [with datatype = double] 144) - TOTAL TIME: 2.27257
2015-01-21 07:12:20 INFO : (void pisces::element<datatype>::run(int&, int, int) [with datatype = double] 149) - Updating timestep: 0.568151
2015-01-21 07:12:20 INFO : (void pisces::element<datatype>::run(int&, int, int) [with datatype = double] 60) - Timestep: 55
2015-01-21 07:12:20 INFO : (void pisces::element<datatype>::run(int&, int, int) [with datatype = double] 144) - TOTAL TIME: 2.84072
2015-01-21 07:12:20 INFO : (void pisces::element<datatype>::run(int&, int, int) [with datatype = double] 60) - Timestep: 56
2015-01-21 07:12:20 INFO : (void pisces::element<datatype>::run(int&, int, int) [with datatype = double] 144) - TOTAL TIME: 3.40887
2015-01-21 07:12:20 INFO : (void pisces::element<datatype>::run(int&, int, int) [with datatype = double] 149) - Updating timestep: 0.852227
2015-01-21 07:12:20 INFO : (void pisces::element<datatype>::run(int&, int, int) [with datatype = double] 60) - Timestep: 57
2015-01-21 07:12:20 INFO : (void pisces::element<datatype>::run(int&, int, int) [with datatype = double] 144) - TOTAL TIME: 4.26109
2015-01-21 07:12:20 INFO : (void pisces::element<datatype>::run(int&, int, int) [with datatype = double] 60) - Timestep: 58
2015-01-21 07:12:20 INFO : (void pisces::element<datatype>::run(int&, int, int) [with datatype = double] 144) - TOTAL TIME: 5.11332
2015-01-21 07:12:20 INFO : (void pisces::element<datatype>::run(int&, int, int) [with datatype = double] 60) - Timestep: 59
2015-01-21 07:12:20 INFO : (void pisces::element<datatype>::run(int&, int, int) [with datatype = double] 144) - TOTAL TIME: 5.96555
2015-01-21 07:12:20 INFO : (void pisces::element<datatype>::run(int&, int, int) [with datatype = double] 60) - Timestep: 60
2015-01-21 07:12:20 INFO : (void io::formatted_output<format>::to_file(int) [with format = io::formats::two_d::netcdf] 158) - Outputting to file output/sc_gwave_t_02.cdf...
2015-01-21 07:12:20 INFO : (void io::formatted_output<format>::to_file(int) [with format = io::formats::two_d::netcdf] 158) - Outputting to file output/sc_gwave_02.cdf...
2015-01-21 07:12:20 INFO : (void pisces::element<datatype>::run(int&, int, int) [with datatype = double] 144) - TOTAL TIME: 6.81778
2015-01-21 07:12:20 INFO : (void pisces::element<datatype>::run(int&, int, int) [with datatype = double] 60) - Timestep: 61
2015-01-21 07:12:20 INFO : (void pisces::element<datatype>::run(int&, int, int) [with datatype = double] 144) - TOTAL TIME: 7.67
2015-01-21 07:12:20 INFO : (void pisces::element<datatype>::run(int&, int, int) [with datatype = double] 60) - Timestep: 62
2015-01-21 07:12:20 INFO : (void pisces::element<datatype>::run(int&, int, int) [with datatype = double] 144) - TOTAL TIME: 8.52223
2015-01-21 07:12:20 INFO : (void pisces::element<datatype>::run(int&, int, int) [with datatype = double] 60) - Timestep: 63
2015-01-21 07:12:20 INFO : (void pisces::element<datatype>::run(int&, int, int) [with datatype = double] 144) - TOTAL TIME: 9.37446
2015-01-21 07:12:20 INFO : (void pisces::element<datatype>::run(int&, int, int) [with datatype = double] 60) - Timestep: 64
2015-01-21 07:12:20 INFO : (void pisces::element<datatype>::run(int&, int, int) [with datatype = double] 144) - TOTAL TIME: 10.2267
2015-01-21 07:12:20 INFO : (void pisces::element<datatype>::run(int&, int, int) [with datatype = double] 60) - Timestep: 65
2015-01-21 07:12:20 INFO : (void pisces::element<datatype>::run(int&, int, int) [with datatype = double] 144) - TOTAL TIME: 11.0789
2015-01-21 07:12:20 INFO : (void pisces::element<datatype>::run(int&, int, int) [with datatype = double] 60) - Timestep: 66
2015-01-21 07:12:20 INFO : (void pisces::element<datatype>::run(int&, int, int) [with datatype = double] 144) - TOTAL TIME: 11.9311
2015-01-21 07:12:20 INFO : (void pisces::element<datatype>::run(int&, int, int) [with datatype = double] 60) - Timestep: 67
2015-01-21 07:12:20 INFO : (void pisces::element<datatype>::run(int&, int, int) [with datatype = double] 144) - TOTAL TIME: 12.7834
2015-01-21 07:12:20 INFO : (void pisces::element<datatype>::run(int&, int, int) [with datatype = double] 60) - Timestep: 68
2015-01-21 07:12:20 INFO : (void pisces::element<datatype>::run(int&, int, int) [with datatype = double] 144) - TOTAL TIME: 13.6356
2015-01-21 07:12:20 INFO : (void pisces::element<datatype>::run(int&, int, int) [with datatype = double] 60) - Timestep: 69
2015-01-21 07:12:20 INFO : (void pisces::element<datatype>::run(int&, int, int) [with datatype = double] 144) - TOTAL TIME: 14.4878
2015-01-21 07:12:20 INFO : (void pisces::element<datatype>::run(int&, int, int) [with datatype = double] 60) - Timestep: 70
2015-01-21 07:12:20 INFO : (void io::formatted_output<format>::to_file(int) [with format = io::formats::two_d::netcdf] 158) - Outputting to file output/sc_gwave_t_02.cdf...
2015-01-21 07:12:20 INFO : (void io::formatted_output<format>::to_file(int) [with format = io::formats::two_d::netcdf] 158) - Outputting to file output/sc_gwave_02.cdf...
2015-01-21 07:12:20 INFO : (void pisces::element<datatype>::run(int&, int, int) [with datatype = double] 144) - TOTAL TIME: 15.34
2015-01-21 07:12:20 INFO : (void pisces::element<datatype>::run(int&, int, int) [with datatype = double] 60) - Timestep: 71
2015-01-21 07:12:20 INFO : (void pisces::element<datatype>::run(int&, int, int) [with datatype = double] 144) - TOTAL TIME: 16.1923
2015-01-21 07:12:20 INFO : (void pisces::element<datatype>::run(int&, int, int) [with datatype = double] 60) - Timestep: 72
2015-01-21 07:12:20 INFO : (void pisces::element<datatype>::run(int&, int, int) [with datatype = double] 144) - TOTAL TIME: 17.0445
2015-01-21 07:12:20 INFO : (void pisces::element<datatype>::run(int&, int, int) [with datatype = double] 60) - Timestep: 73
2015-01-21 07:12:20 INFO : (void pisces::element<datatype>::run(int&, int, int) [with datatype = double] 144) - TOTAL TIME: 17.8967
2015-01-21 07:12:20 INFO : (void pisces::element<datatype>::run(int&, int, int) [with datatype = double] 60) - Timestep: 74
2015-01-21 07:12:20 INFO : (void pisces::element<datatype>::run(int&, int, int) [with datatype = double] 144) - TOTAL TIME: 18.749
2015-01-21 07:12:20 INFO : (void pisces::element<datatype>::run(int&, int, int) [with datatype = double] 60) - Timestep: 75
2015-01-21 07:12:20 INFO : (void pisces::element<datatype>::run(int&, int, int) [with datatype = double] 144) - TOTAL TIME: 19.6012
2015-01-21 07:12:20 INFO : (void pisces::element<datatype>::run(int&, int, int) [with datatype = double] 60) - Timestep: 76
2015-01-21 07:12:20 INFO : (void pisces::element<datatype>::run(int&, int, int) [with datatype = double] 144) - TOTAL TIME: 20.4534
2015-01-21 07:12:20 INFO : (void pisces::element<datatype>::run(int&, int, int) [with datatype = double] 149) - Updating timestep: 0.507101
2015-01-21 07:12:20 INFO : (void pisces::element<datatype>::run(int&, int, int) [with datatype = double] 60) - Timestep: 77
2015-01-21 07:12:20 INFO : (void pisces::element<datatype>::run(int&, int, int) [with datatype = double] 144) - TOTAL TIME: 20.9605
2015-01-21 07:12:20 INFO : (void pisces::element<datatype>::run(int&, int, int) [with datatype = double] 60) - Timestep: 78
2015-01-21 07:12:20 INFO : (void pisces::element<datatype>::run(int&, int, int) [with datatype = double] 144) - TOTAL TIME: 21.4676
2015-01-21 07:12:20 INFO : (void pisces::element<datatype>::run(int&, int, int) [with datatype = double] 149) - Updating timestep: 0.31594
2015-01-21 07:12:20 INFO : (void pisces::element<datatype>::run(int&, int, int) [with datatype = double] 60) - Timestep: 79
2015-01-21 07:12:20 INFO : (void pisces::element<datatype>::run(int&, int, int) [with datatype = double] 144) - TOTAL TIME: 21.7835
2015-01-21 07:12:20 INFO : (void pisces::element<datatype>::run(int&, int, int) [with datatype = double] 60) - Timestep: 80
2015-01-21 07:12:20 INFO : (void io::formatted_output<format>::to_file(int) [with format = io::formats::two_d::netcdf] 158) - Outputting to file output/sc_gwave_t_02.cdf...
2015-01-21 07:12:20 INFO : (void io::formatted_output<format>::to_file(int) [with format = io::formats::two_d::netcdf] 158) - Outputting to file output/sc_gwave_02.cdf...
2015-01-21 07:12:20 INFO : (void pisces::element<datatype>::run(int&, int, int) [with datatype = double] 144) - TOTAL TIME: 22.0995
2015-01-21 07:12:20 INFO : (void pisces::element<datatype>::run(int&, int, int) [with datatype = double] 60) - Timestep: 81
2015-01-21 07:12:20 INFO : (void pisces::element<datatype>::run(int&, int, int) [with datatype = double] 144) - TOTAL TIME: 22.4154
2015-01-21 07:12:20 INFO : (void pisces::element<datatype>::run(int&, int, int) [with datatype = double] 149) - Updating timestep: 0.208643
2015-01-21 07:12:20 INFO : (void pisces::element<datatype>::run(int&, int, int) [with datatype = double] 60) - Timestep: 82
2015-01-21 07:12:20 INFO : (void pisces::element<datatype>::run(int&, int, int) [with datatype = double] 144) - TOTAL TIME: 22.6241
2015-01-21 07:12:20 INFO : (void pisces::element<datatype>::run(int&, int, int) [with datatype = double] 60) - Timestep: 83
2015-01-21 07:12:20 INFO : (void pisces::element<datatype>::run(int&, int, int) [with datatype = double] 144) - TOTAL TIME: 22.8327
2015-01-21 07:12:20 INFO : (void pisces::element<datatype>::run(int&, int, int) [with datatype = double] 60) - Timestep: 84
2015-01-21 07:12:20 INFO : (void pisces::element<datatype>::run(int&, int, int) [with datatype = double] 144) - TOTAL TIME: 23.0414
2015-01-21 07:12:20 INFO : (void pisces::element<datatype>::run(int&, int, int) [with datatype = double] 60) - Timestep: 85
2015-01-21 07:12:20 INFO : (void pisces::element<datatype>::run(int&, int, int) [with datatype = double] 144) - TOTAL TIME: 23.25
2015-01-21 07:12:20 INFO : (void pisces::element<datatype>::run(int&, int, int) [with datatype = double] 60) - Timestep: 86
2015-01-21 07:12:20 INFO : (void pisces::element<datatype>::run(int&, int, int) [with datatype = double] 144) - TOTAL TIME: 23.4586
2015-01-21 07:12:20 INFO : (void pisces::element<datatype>::run(int&, int, int) [with datatype = double] 149) - Updating timestep: 0.130735
2015-01-21 07:12:20 INFO : (void pisces::element<datatype>::run(int&, int, int) [with datatype = double] 60) - Timestep: 87
2015-01-21 07:12:20 INFO : (void pisces::element<datatype>::run(int&, int, int) [with datatype = double] 144) - TOTAL TIME: 23.5894
2015-01-21 07:12:20 INFO : (void pisces::element<datatype>::run(int&, int, int) [with datatype = double] 60) - Timestep: 88
2015-01-21 07:12:20 INFO : (void pisces::element<datatype>::run(int&, int, int) [with datatype = double] 144) - TOTAL TIME: 23.7201
2015-01-21 07:12:20 INFO : (void pisces::element<datatype>::run(int&, int, int) [with datatype = double] 60) - Timestep: 89
2015-01-21 07:12:20 INFO : (void pisces::element<datatype>::run(int&, int, int) [with datatype = double] 144) - TOTAL TIME: 23.8509
2015-01-21 07:12:20 INFO : (void pisces::element<datatype>::run(int&, int, int) [with datatype = double] 60) - Timestep: 90
2015-01-21 07:12:20 INFO : (void io::formatted_output<format>::to_file(int) [with format = io::formats::two_d::netcdf] 158) - Outputting to file output/sc_gwave_t_02.cdf...
2015-01-21 07:12:20 INFO : (void io::formatted_output<format>::to_file(int) [with format = io::formats::two_d::netcdf] 158) - Outputting to file output/sc_gwave_02.cdf...
2015-01-21 07:12:20 INFO : (void pisces::element<datatype>::run(int&, int, int) [with datatype = double] 144) - TOTAL TIME: 23.9816
2015-01-21 07:12:20 INFO : (void pisces::element<datatype>::run(int&, int, int) [with datatype = double] 60) - Timestep: 91
2015-01-21 07:12:20 INFO : (void pisces::element<datatype>::run(int&, int, int) [with datatype = double] 144) - TOTAL TIME: 24.1123
2015-01-21 07:12:20 INFO : (void pisces::element<datatype>::run(int&, int, int) [with datatype = double] 60) - Timestep: 92
2015-01-21 07:12:20 INFO : (void pisces::element<datatype>::run(int&, int, int) [with datatype = double] 144) - TOTAL TIME: 24.2431
2015-01-21 07:12:20 INFO : (void pisces::element<datatype>::run(int&, int, int) [with datatype = double] 60) - Timestep: 93
2015-01-21 07:12:20 INFO : (void pisces::element<datatype>::run(int&, int, int) [with datatype = double] 144) - TOTAL TIME: 24.3738
2015-01-21 07:12:20 INFO : (void pisces::element<datatype>::run(int&, int, int) [with datatype = double] 60) - Timestep: 94
2015-01-21 07:12:20 INFO : (void pisces::element<datatype>::run(int&, int, int) [with datatype = double] 144) - TOTAL TIME: 24.5045
2015-01-21 07:12:20 INFO : (void pisces::element<datatype>::run(int&, int, int) [with datatype = double] 149) - Updating timestep: 0.0828167
2015-01-21 07:12:20 INFO : (void pisces::element<datatype>::run(int&, int, int) [with datatype = double] 60) - Timestep: 95
2015-01-21 07:12:20 INFO : (void pisces::element<datatype>::run(int&, int, int) [with datatype = double] 144) - TOTAL TIME: 24.5873
2015-01-21 07:12:20 INFO : (void pisces::element<datatype>::run(int&, int, int) [with datatype = double] 60) - Timestep: 96
2015-01-21 07:12:20 INFO : (void pisces::element<datatype>::run(int&, int, int) [with datatype = double] 144) - TOTAL TIME: 24.6702
2015-01-21 07:12:20 INFO : (void pisces::element<datatype>::run(int&, int, int) [with datatype = double] 60) - Timestep: 97
2015-01-21 07:12:20 INFO : (void pisces::element<datatype>::run(int&, int, int) [with datatype = double] 144) - TOTAL TIME: 24.753
2015-01-21 07:12:20 INFO : (void pisces::element<datatype>::run(int&, int, int) [with datatype = double] 60) - Timestep: 98
2015-01-21 07:12:20 INFO : (void pisces::element<datatype>::run(int&, int, int) [with datatype = double] 144) - TOTAL TIME: 24.8358
2015-01-21 07:12:20 INFO : (void pisces::element<datatype>::run(int&, int, int) [with datatype = double] 60) - Timestep: 99
2015-01-21 07:12:20 INFO : (void pisces::element<datatype>::run(int&, int, int) [with datatype = double] 144) - TOTAL TIME: 24.9186
2015-01-21 07:12:20 INFO : (void pisces::element<datatype>::run(int&, int, int) [with datatype = double] 160) - Profiling Factorize: CPU Time: 0.012065 Wall Time: 0.012163 Efficiency: 99.1943%
2015-01-21 07:12:20 INFO : (void pisces::element<datatype>::run(int&, int, int) [with datatype = double] 161) - Profiling Transform: CPU Time: 0.074233 Wall Time: 0.075725 Efficiency: 98.0297%
2015-01-21 07:12:20 INFO : (void pisces::element<datatype>::run(int&, int, int) [with datatype = double] 162) - Profiling Execute: CPU Time: 0.052395 Wall Time: 0.049398 Efficiency: 106.067%
2015-01-21 07:12:20 INFO : (void pisces::element<datatype>::run(int&, int, int) [with datatype = double] 163) - Profiling Timestep: CPU Time: 0.061033 Wall Time: 0.061919 Efficiency: 98.5691%
2015-01-21 07:12:20 INFO : (void pisces::element<datatype>::run(int&, int, int) [with datatype = double] 164) - Profiling Solve: CPU Time: 0.271881 Wall Time: 0.261313 Efficiency: 104.044%
2015-01-21 07:12:20 INFO : (void pisces::element<datatype>::run(int&, int, int) [with datatype = double] 165) - Profiling Output: CPU Time: 0.097399 Wall Time: 0.139035 Efficiency: 70.0536%
2015-01-21 07:12:20 INFO : (void pisces::element<datatype>::run(int&, int, int) [with datatype = double] 166) - Max Threads = 1 of 1
2015-01-21 07:12:20 INFO : (int main(int, char**) 211) - Main complete. CPU Time: 0.578808 Wall Time: 0.608907 Efficiency: 95.0569%
