2015-01-16 21:22:50 INFO : (int main(int, char**) 123) - Overwriting config variable parallel.maxthreads with 4
2015-01-16 21:22:50 INFO : (int main(int, char**) 125) - 4
2015-01-16 21:22:50 INFO : (int main(int, char**) 123) - Overwriting config variable parallel.transform.threads with 4
2015-01-16 21:22:50 INFO : (int main(int, char**) 125) - 4
2015-01-16 21:22:50 INFO : (void io::formatted_input<format>::from_file(int) [with format = io::formats::two_d::netcdf] 108) - Inputting from file input/input_07.cdf...
2015-01-16 21:22:50 WARN : (static void io::formats::two_d::netcdf::read(const io::data_grid&, std::string, std::string, void*, int, int) [with datatype = double; std::string = std::basic_string<char>] 120) - Variable x not found in file
2015-01-16 21:22:50 WARN : (static void io::formats::two_d::netcdf::read(const io::data_grid&, std::string, std::string, void*, int, int) [with datatype = double; std::string = std::basic_string<char>] 120) - Variable z not found in file
2015-01-16 21:22:50 WARN : (static void io::formats::two_d::netcdf::read(const io::data_grid&, std::string, std::string, void*, int, int) [with datatype = double; std::string = std::basic_string<char>] 120) - Variable u not found in file
2015-01-16 21:22:50 WARN : (static void io::formats::two_d::netcdf::read(const io::data_grid&, std::string, std::string, void*, int, int) [with datatype = double; std::string = std::basic_string<char>] 120) - Variable w not found in file
2015-01-16 21:22:50 WARN : (static void io::formats::two_d::netcdf::read(const io::data_grid&, std::string, std::string, void*, int, int) [with datatype = double; std::string = std::basic_string<char>] 120) - Variable P not found in file
2015-01-16 21:22:50 INFO : (int main(int, char**) 150) - element.version < 0.6.0.0
2015-01-16 21:22:50 INFO : (void pisces::element<datatype>::run(int&, int, int) [with datatype = double] 60) - Timestep: 0
2015-01-16 21:22:50 INFO : (void io::formatted_output<format>::to_file(int) [with format = io::formats::two_d::netcdf] 158) - Outputting to file output/sc_gwave_t_07.cdf...
2015-01-16 21:22:50 INFO : (void io::formatted_output<format>::to_file(int) [with format = io::formats::two_d::netcdf] 158) - Outputting to file output/sc_gwave_07.cdf...
2015-01-16 21:22:50 INFO : (void io::formatted_output<format>::to_file(int) [with format = io::formats::ascii] 158) - Outputting to file output/sc_gwave_07.dat...
2015-01-16 21:22:50 INFO : (void io::formatted_output<format>::to_file(int) [with format = io::formats::two_d::netcdf] 158) - Outputting to file input/dump_07.cdf...
2015-01-16 21:22:50 INFO : (void pisces::element<datatype>::run(int&, int, int) [with datatype = double] 144) - TOTAL TIME: 0
2015-01-16 21:22:50 INFO : (void pisces::element<datatype>::run(int&, int, int) [with datatype = double] 149) - Updating timestep: 1e-05
2015-01-16 21:22:50 INFO : (void pisces::element<datatype>::run(int&, int, int) [with datatype = double] 60) - Timestep: 1
2015-01-16 21:22:50 INFO : (void pisces::element<datatype>::run(int&, int, int) [with datatype = double] 144) - TOTAL TIME: 1e-05
2015-01-16 21:22:50 INFO : (void pisces::element<datatype>::run(int&, int, int) [with datatype = double] 60) - Timestep: 2
2015-01-16 21:22:50 INFO : (void pisces::element<datatype>::run(int&, int, int) [with datatype = double] 144) - TOTAL TIME: 2e-05
2015-01-16 21:22:50 INFO : (void pisces::element<datatype>::run(int&, int, int) [with datatype = double] 149) - Updating timestep: 1.5e-05
2015-01-16 21:22:50 INFO : (void pisces::element<datatype>::run(int&, int, int) [with datatype = double] 60) - Timestep: 3
2015-01-16 21:22:50 INFO : (void pisces::element<datatype>::run(int&, int, int) [with datatype = double] 144) - TOTAL TIME: 3.5e-05
2015-01-16 21:22:50 INFO : (void pisces::element<datatype>::run(int&, int, int) [with datatype = double] 60) - Timestep: 4
2015-01-16 21:22:50 INFO : (void pisces::element<datatype>::run(int&, int, int) [with datatype = double] 144) - TOTAL TIME: 5e-05
2015-01-16 21:22:50 INFO : (void pisces::element<datatype>::run(int&, int, int) [with datatype = double] 149) - Updating timestep: 2.25e-05
2015-01-16 21:22:50 INFO : (void pisces::element<datatype>::run(int&, int, int) [with datatype = double] 60) - Timestep: 5
2015-01-16 21:22:50 INFO : (void pisces::element<datatype>::run(int&, int, int) [with datatype = double] 144) - TOTAL TIME: 7.25e-05
2015-01-16 21:22:50 INFO : (void pisces::element<datatype>::run(int&, int, int) [with datatype = double] 60) - Timestep: 6
2015-01-16 21:22:50 INFO : (void pisces::element<datatype>::run(int&, int, int) [with datatype = double] 144) - TOTAL TIME: 9.5e-05
2015-01-16 21:22:50 INFO : (void pisces::element<datatype>::run(int&, int, int) [with datatype = double] 149) - Updating timestep: 3.375e-05
2015-01-16 21:22:50 INFO : (void pisces::element<datatype>::run(int&, int, int) [with datatype = double] 60) - Timestep: 7
2015-01-16 21:22:50 INFO : (void pisces::element<datatype>::run(int&, int, int) [with datatype = double] 144) - TOTAL TIME: 0.00012875
2015-01-16 21:22:50 INFO : (void pisces::element<datatype>::run(int&, int, int) [with datatype = double] 60) - Timestep: 8
2015-01-16 21:22:50 INFO : (void pisces::element<datatype>::run(int&, int, int) [with datatype = double] 144) - TOTAL TIME: 0.0001625
2015-01-16 21:22:50 INFO : (void pisces::element<datatype>::run(int&, int, int) [with datatype = double] 149) - Updating timestep: 5.0625e-05
2015-01-16 21:22:50 INFO : (void pisces::element<datatype>::run(int&, int, int) [with datatype = double] 60) - Timestep: 9
2015-01-16 21:22:50 INFO : (void pisces::element<datatype>::run(int&, int, int) [with datatype = double] 144) - TOTAL TIME: 0.000213125
2015-01-16 21:22:50 INFO : (void pisces::element<datatype>::run(int&, int, int) [with datatype = double] 60) - Timestep: 10
2015-01-16 21:22:50 INFO : (void io::formatted_output<format>::to_file(int) [with format = io::formats::two_d::netcdf] 158) - Outputting to file output/sc_gwave_t_07.cdf...
2015-01-16 21:22:50 INFO : (void io::formatted_output<format>::to_file(int) [with format = io::formats::two_d::netcdf] 158) - Outputting to file output/sc_gwave_07.cdf...
2015-01-16 21:22:50 INFO : (void pisces::element<datatype>::run(int&, int, int) [with datatype = double] 144) - TOTAL TIME: 0.00026375
2015-01-16 21:22:50 INFO : (void pisces::element<datatype>::run(int&, int, int) [with datatype = double] 149) - Updating timestep: 7.59375e-05
2015-01-16 21:22:50 INFO : (void pisces::element<datatype>::run(int&, int, int) [with datatype = double] 60) - Timestep: 11
2015-01-16 21:22:50 INFO : (void pisces::element<datatype>::run(int&, int, int) [with datatype = double] 144) - TOTAL TIME: 0.000339688
2015-01-16 21:22:50 INFO : (void pisces::element<datatype>::run(int&, int, int) [with datatype = double] 60) - Timestep: 12
2015-01-16 21:22:50 INFO : (void pisces::element<datatype>::run(int&, int, int) [with datatype = double] 144) - TOTAL TIME: 0.000415625
2015-01-16 21:22:50 INFO : (void pisces::element<datatype>::run(int&, int, int) [with datatype = double] 149) - Updating timestep: 0.000113906
2015-01-16 21:22:50 INFO : (void pisces::element<datatype>::run(int&, int, int) [with datatype = double] 60) - Timestep: 13
2015-01-16 21:22:50 INFO : (void pisces::element<datatype>::run(int&, int, int) [with datatype = double] 144) - TOTAL TIME: 0.000529531
2015-01-16 21:22:50 INFO : (void pisces::element<datatype>::run(int&, int, int) [with datatype = double] 60) - Timestep: 14
2015-01-16 21:22:50 INFO : (void pisces::element<datatype>::run(int&, int, int) [with datatype = double] 144) - TOTAL TIME: 0.000643438
2015-01-16 21:22:50 INFO : (void pisces::element<datatype>::run(int&, int, int) [with datatype = double] 149) - Updating timestep: 0.000170859
2015-01-16 21:22:50 INFO : (void pisces::element<datatype>::run(int&, int, int) [with datatype = double] 60) - Timestep: 15
2015-01-16 21:22:50 INFO : (void pisces::element<datatype>::run(int&, int, int) [with datatype = double] 144) - TOTAL TIME: 0.000814297
2015-01-16 21:22:50 INFO : (void pisces::element<datatype>::run(int&, int, int) [with datatype = double] 60) - Timestep: 16
2015-01-16 21:22:50 INFO : (void pisces::element<datatype>::run(int&, int, int) [with datatype = double] 144) - TOTAL TIME: 0.000985156
2015-01-16 21:22:50 INFO : (void pisces::element<datatype>::run(int&, int, int) [with datatype = double] 149) - Updating timestep: 0.000256289
2015-01-16 21:22:50 INFO : (void pisces::element<datatype>::run(int&, int, int) [with datatype = double] 60) - Timestep: 17
2015-01-16 21:22:50 INFO : (void pisces::element<datatype>::run(int&, int, int) [with datatype = double] 144) - TOTAL TIME: 0.00124145
2015-01-16 21:22:50 INFO : (void pisces::element<datatype>::run(int&, int, int) [with datatype = double] 60) - Timestep: 18
2015-01-16 21:22:50 INFO : (void pisces::element<datatype>::run(int&, int, int) [with datatype = double] 144) - TOTAL TIME: 0.00149773
2015-01-16 21:22:50 INFO : (void pisces::element<datatype>::run(int&, int, int) [with datatype = double] 149) - Updating timestep: 0.000384434
2015-01-16 21:22:50 INFO : (void pisces::element<datatype>::run(int&, int, int) [with datatype = double] 60) - Timestep: 19
2015-01-16 21:22:50 INFO : (void pisces::element<datatype>::run(int&, int, int) [with datatype = double] 144) - TOTAL TIME: 0.00188217
2015-01-16 21:22:50 INFO : (void pisces::element<datatype>::run(int&, int, int) [with datatype = double] 60) - Timestep: 20
2015-01-16 21:22:50 INFO : (void io::formatted_output<format>::to_file(int) [with format = io::formats::two_d::netcdf] 158) - Outputting to file output/sc_gwave_t_07.cdf...
2015-01-16 21:22:50 INFO : (void io::formatted_output<format>::to_file(int) [with format = io::formats::two_d::netcdf] 158) - Outputting to file output/sc_gwave_07.cdf...
2015-01-16 21:22:50 INFO : (void pisces::element<datatype>::run(int&, int, int) [with datatype = double] 144) - TOTAL TIME: 0.0022666
2015-01-16 21:22:50 INFO : (void pisces::element<datatype>::run(int&, int, int) [with datatype = double] 149) - Updating timestep: 0.00057665
2015-01-16 21:22:50 INFO : (void pisces::element<datatype>::run(int&, int, int) [with datatype = double] 60) - Timestep: 21
2015-01-16 21:22:50 INFO : (void pisces::element<datatype>::run(int&, int, int) [with datatype = double] 144) - TOTAL TIME: 0.00284325
2015-01-16 21:22:50 INFO : (void pisces::element<datatype>::run(int&, int, int) [with datatype = double] 60) - Timestep: 22
2015-01-16 21:22:50 INFO : (void pisces::element<datatype>::run(int&, int, int) [with datatype = double] 144) - TOTAL TIME: 0.0034199
2015-01-16 21:22:50 INFO : (void pisces::element<datatype>::run(int&, int, int) [with datatype = double] 149) - Updating timestep: 0.000864976
2015-01-16 21:22:50 INFO : (void pisces::element<datatype>::run(int&, int, int) [with datatype = double] 60) - Timestep: 23
2015-01-16 21:22:50 INFO : (void pisces::element<datatype>::run(int&, int, int) [with datatype = double] 144) - TOTAL TIME: 0.00428488
2015-01-16 21:22:50 INFO : (void pisces::element<datatype>::run(int&, int, int) [with datatype = double] 60) - Timestep: 24
2015-01-16 21:22:50 INFO : (void pisces::element<datatype>::run(int&, int, int) [with datatype = double] 144) - TOTAL TIME: 0.00514985
2015-01-16 21:22:50 INFO : (void pisces::element<datatype>::run(int&, int, int) [with datatype = double] 149) - Updating timestep: 0.00129746
2015-01-16 21:22:50 INFO : (void pisces::element<datatype>::run(int&, int, int) [with datatype = double] 60) - Timestep: 25
2015-01-16 21:22:50 INFO : (void pisces::element<datatype>::run(int&, int, int) [with datatype = double] 144) - TOTAL TIME: 0.00644732
2015-01-16 21:22:50 INFO : (void pisces::element<datatype>::run(int&, int, int) [with datatype = double] 60) - Timestep: 26
2015-01-16 21:22:50 INFO : (void pisces::element<datatype>::run(int&, int, int) [with datatype = double] 144) - TOTAL TIME: 0.00774478
2015-01-16 21:22:50 INFO : (void pisces::element<datatype>::run(int&, int, int) [with datatype = double] 149) - Updating timestep: 0.0019462
2015-01-16 21:22:50 INFO : (void pisces::element<datatype>::run(int&, int, int) [with datatype = double] 60) - Timestep: 27
2015-01-16 21:22:50 INFO : (void pisces::element<datatype>::run(int&, int, int) [with datatype = double] 144) - TOTAL TIME: 0.00969098
2015-01-16 21:22:50 INFO : (void pisces::element<datatype>::run(int&, int, int) [with datatype = double] 60) - Timestep: 28
2015-01-16 21:22:50 INFO : (void pisces::element<datatype>::run(int&, int, int) [with datatype = double] 144) - TOTAL TIME: 0.0116372
2015-01-16 21:22:50 INFO : (void pisces::element<datatype>::run(int&, int, int) [with datatype = double] 149) - Updating timestep: 0.00291929
2015-01-16 21:22:50 INFO : (void pisces::element<datatype>::run(int&, int, int) [with datatype = double] 60) - Timestep: 29
2015-01-16 21:22:50 INFO : (void pisces::element<datatype>::run(int&, int, int) [with datatype = double] 144) - TOTAL TIME: 0.0145565
2015-01-16 21:22:50 INFO : (void pisces::element<datatype>::run(int&, int, int) [with datatype = double] 60) - Timestep: 30
2015-01-16 21:22:50 INFO : (void io::formatted_output<format>::to_file(int) [with format = io::formats::two_d::netcdf] 158) - Outputting to file output/sc_gwave_t_07.cdf...
2015-01-16 21:22:50 INFO : (void io::formatted_output<format>::to_file(int) [with format = io::formats::two_d::netcdf] 158) - Outputting to file output/sc_gwave_07.cdf...
2015-01-16 21:22:50 INFO : (void pisces::element<datatype>::run(int&, int, int) [with datatype = double] 144) - TOTAL TIME: 0.0174758
2015-01-16 21:22:50 INFO : (void pisces::element<datatype>::run(int&, int, int) [with datatype = double] 149) - Updating timestep: 0.00437894
2015-01-16 21:22:50 INFO : (void pisces::element<datatype>::run(int&, int, int) [with datatype = double] 60) - Timestep: 31
2015-01-16 21:22:50 INFO : (void pisces::element<datatype>::run(int&, int, int) [with datatype = double] 144) - TOTAL TIME: 0.0218547
2015-01-16 21:22:50 INFO : (void pisces::element<datatype>::run(int&, int, int) [with datatype = double] 60) - Timestep: 32
2015-01-16 21:22:50 INFO : (void pisces::element<datatype>::run(int&, int, int) [with datatype = double] 144) - TOTAL TIME: 0.0262336
2015-01-16 21:22:50 INFO : (void pisces::element<datatype>::run(int&, int, int) [with datatype = double] 149) - Updating timestep: 0.00656841
2015-01-16 21:22:50 INFO : (void pisces::element<datatype>::run(int&, int, int) [with datatype = double] 60) - Timestep: 33
2015-01-16 21:22:51 INFO : (void pisces::element<datatype>::run(int&, int, int) [with datatype = double] 144) - TOTAL TIME: 0.032802
2015-01-16 21:22:51 INFO : (void pisces::element<datatype>::run(int&, int, int) [with datatype = double] 60) - Timestep: 34
2015-01-16 21:22:51 INFO : (void pisces::element<datatype>::run(int&, int, int) [with datatype = double] 144) - TOTAL TIME: 0.0393705
2015-01-16 21:22:51 INFO : (void pisces::element<datatype>::run(int&, int, int) [with datatype = double] 149) - Updating timestep: 0.00985261
2015-01-16 21:22:51 INFO : (void pisces::element<datatype>::run(int&, int, int) [with datatype = double] 60) - Timestep: 35
2015-01-16 21:22:51 INFO : (void pisces::element<datatype>::run(int&, int, int) [with datatype = double] 144) - TOTAL TIME: 0.0492231
2015-01-16 21:22:51 INFO : (void pisces::element<datatype>::run(int&, int, int) [with datatype = double] 60) - Timestep: 36
2015-01-16 21:22:51 INFO : (void pisces::element<datatype>::run(int&, int, int) [with datatype = double] 144) - TOTAL TIME: 0.0590757
2015-01-16 21:22:51 INFO : (void pisces::element<datatype>::run(int&, int, int) [with datatype = double] 149) - Updating timestep: 0.0147789
2015-01-16 21:22:51 INFO : (void pisces::element<datatype>::run(int&, int, int) [with datatype = double] 60) - Timestep: 37
2015-01-16 21:22:51 INFO : (void pisces::element<datatype>::run(int&, int, int) [with datatype = double] 144) - TOTAL TIME: 0.0738546
2015-01-16 21:22:51 INFO : (void pisces::element<datatype>::run(int&, int, int) [with datatype = double] 60) - Timestep: 38
2015-01-16 21:22:51 INFO : (void pisces::element<datatype>::run(int&, int, int) [with datatype = double] 144) - TOTAL TIME: 0.0886335
2015-01-16 21:22:51 INFO : (void pisces::element<datatype>::run(int&, int, int) [with datatype = double] 149) - Updating timestep: 0.0221684
2015-01-16 21:22:51 INFO : (void pisces::element<datatype>::run(int&, int, int) [with datatype = double] 60) - Timestep: 39
2015-01-16 21:22:51 INFO : (void pisces::element<datatype>::run(int&, int, int) [with datatype = double] 144) - TOTAL TIME: 0.110802
2015-01-16 21:22:51 INFO : (void pisces::element<datatype>::run(int&, int, int) [with datatype = double] 60) - Timestep: 40
2015-01-16 21:22:51 INFO : (void io::formatted_output<format>::to_file(int) [with format = io::formats::two_d::netcdf] 158) - Outputting to file output/sc_gwave_t_07.cdf...
2015-01-16 21:22:51 INFO : (void io::formatted_output<format>::to_file(int) [with format = io::formats::two_d::netcdf] 158) - Outputting to file output/sc_gwave_07.cdf...
2015-01-16 21:22:51 INFO : (void pisces::element<datatype>::run(int&, int, int) [with datatype = double] 144) - TOTAL TIME: 0.13297
2015-01-16 21:22:51 INFO : (void pisces::element<datatype>::run(int&, int, int) [with datatype = double] 149) - Updating timestep: 0.0332526
2015-01-16 21:22:51 INFO : (void pisces::element<datatype>::run(int&, int, int) [with datatype = double] 60) - Timestep: 41
2015-01-16 21:22:51 INFO : (void pisces::element<datatype>::run(int&, int, int) [with datatype = double] 144) - TOTAL TIME: 0.166223
2015-01-16 21:22:51 INFO : (void pisces::element<datatype>::run(int&, int, int) [with datatype = double] 60) - Timestep: 42
2015-01-16 21:22:51 INFO : (void pisces::element<datatype>::run(int&, int, int) [with datatype = double] 144) - TOTAL TIME: 0.199475
2015-01-16 21:22:51 INFO : (void pisces::element<datatype>::run(int&, int, int) [with datatype = double] 149) - Updating timestep: 0.0498789
2015-01-16 21:22:51 INFO : (void pisces::element<datatype>::run(int&, int, int) [with datatype = double] 60) - Timestep: 43
2015-01-16 21:22:51 INFO : (void pisces::element<datatype>::run(int&, int, int) [with datatype = double] 144) - TOTAL TIME: 0.249354
2015-01-16 21:22:51 INFO : (void pisces::element<datatype>::run(int&, int, int) [with datatype = double] 60) - Timestep: 44
2015-01-16 21:22:51 INFO : (void pisces::element<datatype>::run(int&, int, int) [with datatype = double] 144) - TOTAL TIME: 0.299233
2015-01-16 21:22:51 INFO : (void pisces::element<datatype>::run(int&, int, int) [with datatype = double] 149) - Updating timestep: 0.0748183
2015-01-16 21:22:51 INFO : (void pisces::element<datatype>::run(int&, int, int) [with datatype = double] 60) - Timestep: 45
2015-01-16 21:22:51 INFO : (void pisces::element<datatype>::run(int&, int, int) [with datatype = double] 144) - TOTAL TIME: 0.374051
2015-01-16 21:22:51 INFO : (void pisces::element<datatype>::run(int&, int, int) [with datatype = double] 60) - Timestep: 46
2015-01-16 21:22:51 INFO : (void pisces::element<datatype>::run(int&, int, int) [with datatype = double] 144) - TOTAL TIME: 0.44887
2015-01-16 21:22:51 INFO : (void pisces::element<datatype>::run(int&, int, int) [with datatype = double] 149) - Updating timestep: 0.112227
2015-01-16 21:22:51 INFO : (void pisces::element<datatype>::run(int&, int, int) [with datatype = double] 60) - Timestep: 47
2015-01-16 21:22:51 INFO : (void pisces::element<datatype>::run(int&, int, int) [with datatype = double] 144) - TOTAL TIME: 0.561097
2015-01-16 21:22:51 INFO : (void pisces::element<datatype>::run(int&, int, int) [with datatype = double] 60) - Timestep: 48
2015-01-16 21:22:51 INFO : (void pisces::element<datatype>::run(int&, int, int) [with datatype = double] 144) - TOTAL TIME: 0.673324
2015-01-16 21:22:51 INFO : (void pisces::element<datatype>::run(int&, int, int) [with datatype = double] 149) - Updating timestep: 0.168341
2015-01-16 21:22:51 INFO : (void pisces::element<datatype>::run(int&, int, int) [with datatype = double] 60) - Timestep: 49
2015-01-16 21:22:51 INFO : (void pisces::element<datatype>::run(int&, int, int) [with datatype = double] 144) - TOTAL TIME: 0.841666
2015-01-16 21:22:51 INFO : (void pisces::element<datatype>::run(int&, int, int) [with datatype = double] 60) - Timestep: 50
2015-01-16 21:22:51 INFO : (void io::formatted_output<format>::to_file(int) [with format = io::formats::two_d::netcdf] 158) - Outputting to file output/sc_gwave_t_07.cdf...
2015-01-16 21:22:51 INFO : (void io::formatted_output<format>::to_file(int) [with format = io::formats::two_d::netcdf] 158) - Outputting to file output/sc_gwave_07.cdf...
2015-01-16 21:22:51 INFO : (void io::formatted_output<format>::to_file(int) [with format = io::formats::ascii] 158) - Outputting to file output/sc_gwave_07.dat...
2015-01-16 21:22:51 INFO : (void pisces::element<datatype>::run(int&, int, int) [with datatype = double] 144) - TOTAL TIME: 1.01001
2015-01-16 21:22:51 INFO : (void pisces::element<datatype>::run(int&, int, int) [with datatype = double] 149) - Updating timestep: 0.252512
2015-01-16 21:22:51 INFO : (void pisces::element<datatype>::run(int&, int, int) [with datatype = double] 60) - Timestep: 51
2015-01-16 21:22:51 INFO : (void pisces::element<datatype>::run(int&, int, int) [with datatype = double] 144) - TOTAL TIME: 1.26252
2015-01-16 21:22:51 INFO : (void pisces::element<datatype>::run(int&, int, int) [with datatype = double] 60) - Timestep: 52
2015-01-16 21:22:51 INFO : (void pisces::element<datatype>::run(int&, int, int) [with datatype = double] 144) - TOTAL TIME: 1.51503
2015-01-16 21:22:51 INFO : (void pisces::element<datatype>::run(int&, int, int) [with datatype = double] 149) - Updating timestep: 0.378768
2015-01-16 21:22:51 INFO : (void pisces::element<datatype>::run(int&, int, int) [with datatype = double] 60) - Timestep: 53
2015-01-16 21:22:51 INFO : (void pisces::element<datatype>::run(int&, int, int) [with datatype = double] 144) - TOTAL TIME: 1.8938
2015-01-16 21:22:51 INFO : (void pisces::element<datatype>::run(int&, int, int) [with datatype = double] 60) - Timestep: 54
2015-01-16 21:22:51 INFO : (void pisces::element<datatype>::run(int&, int, int) [with datatype = double] 144) - TOTAL TIME: 2.27257
2015-01-16 21:22:51 INFO : (void pisces::element<datatype>::run(int&, int, int) [with datatype = double] 149) - Updating timestep: 0.568151
2015-01-16 21:22:51 INFO : (void pisces::element<datatype>::run(int&, int, int) [with datatype = double] 60) - Timestep: 55
2015-01-16 21:22:51 INFO : (void pisces::element<datatype>::run(int&, int, int) [with datatype = double] 144) - TOTAL TIME: 2.84072
2015-01-16 21:22:51 INFO : (void pisces::element<datatype>::run(int&, int, int) [with datatype = double] 60) - Timestep: 56
2015-01-16 21:22:51 INFO : (void pisces::element<datatype>::run(int&, int, int) [with datatype = double] 144) - TOTAL TIME: 3.40887
2015-01-16 21:22:51 INFO : (void pisces::element<datatype>::run(int&, int, int) [with datatype = double] 149) - Updating timestep: 0.852227
2015-01-16 21:22:51 INFO : (void pisces::element<datatype>::run(int&, int, int) [with datatype = double] 60) - Timestep: 57
2015-01-16 21:22:51 INFO : (void pisces::element<datatype>::run(int&, int, int) [with datatype = double] 144) - TOTAL TIME: 4.26109
2015-01-16 21:22:51 INFO : (void pisces::element<datatype>::run(int&, int, int) [with datatype = double] 149) - Updating timestep: 0.412225
2015-01-16 21:22:51 INFO : (void pisces::element<datatype>::run(int&, int, int) [with datatype = double] 60) - Timestep: 58
2015-01-16 21:22:51 INFO : (void pisces::element<datatype>::run(int&, int, int) [with datatype = double] 144) - TOTAL TIME: 4.67332
2015-01-16 21:22:51 INFO : (void pisces::element<datatype>::run(int&, int, int) [with datatype = double] 60) - Timestep: 59
2015-01-16 21:22:51 INFO : (void pisces::element<datatype>::run(int&, int, int) [with datatype = double] 144) - TOTAL TIME: 5.08554
2015-01-16 21:22:51 INFO : (void pisces::element<datatype>::run(int&, int, int) [with datatype = double] 149) - Updating timestep: 0.618338
2015-01-16 21:22:51 INFO : (void pisces::element<datatype>::run(int&, int, int) [with datatype = double] 60) - Timestep: 60
2015-01-16 21:22:51 INFO : (void io::formatted_output<format>::to_file(int) [with format = io::formats::two_d::netcdf] 158) - Outputting to file output/sc_gwave_t_07.cdf...
2015-01-16 21:22:51 INFO : (void io::formatted_output<format>::to_file(int) [with format = io::formats::two_d::netcdf] 158) - Outputting to file output/sc_gwave_07.cdf...
2015-01-16 21:22:51 INFO : (void pisces::element<datatype>::run(int&, int, int) [with datatype = double] 144) - TOTAL TIME: 5.70388
2015-01-16 21:22:51 INFO : (void pisces::element<datatype>::run(int&, int, int) [with datatype = double] 60) - Timestep: 61
2015-01-16 21:22:51 INFO : (void pisces::element<datatype>::run(int&, int, int) [with datatype = double] 144) - TOTAL TIME: 6.32222
2015-01-16 21:22:51 INFO : (void pisces::element<datatype>::run(int&, int, int) [with datatype = double] 149) - Updating timestep: 0.198094
2015-01-16 21:22:51 INFO : (void pisces::element<datatype>::run(int&, int, int) [with datatype = double] 60) - Timestep: 62
2015-01-16 21:22:51 INFO : (void pisces::element<datatype>::run(int&, int, int) [with datatype = double] 144) - TOTAL TIME: 6.52031
2015-01-16 21:22:51 INFO : (void pisces::element<datatype>::run(int&, int, int) [with datatype = double] 60) - Timestep: 63
2015-01-16 21:22:51 INFO : (void pisces::element<datatype>::run(int&, int, int) [with datatype = double] 144) - TOTAL TIME: 6.71841
2015-01-16 21:22:51 INFO : (void pisces::element<datatype>::run(int&, int, int) [with datatype = double] 149) - Updating timestep: 0.0792796
2015-01-16 21:22:51 INFO : (void pisces::element<datatype>::run(int&, int, int) [with datatype = double] 60) - Timestep: 64
2015-01-16 21:22:51 INFO : (void pisces::element<datatype>::run(int&, int, int) [with datatype = double] 144) - TOTAL TIME: 6.79769
2015-01-16 21:22:51 INFO : (void pisces::element<datatype>::run(int&, int, int) [with datatype = double] 60) - Timestep: 65
2015-01-16 21:22:51 INFO : (void pisces::element<datatype>::run(int&, int, int) [with datatype = double] 144) - TOTAL TIME: 6.87697
2015-01-16 21:22:51 INFO : (void pisces::element<datatype>::run(int&, int, int) [with datatype = double] 149) - Updating timestep: 0.0462469
2015-01-16 21:22:51 INFO : (void pisces::element<datatype>::run(int&, int, int) [with datatype = double] 60) - Timestep: 66
2015-01-16 21:22:51 INFO : (void pisces::element<datatype>::run(int&, int, int) [with datatype = double] 144) - TOTAL TIME: 6.92321
2015-01-16 21:22:51 INFO : (void pisces::element<datatype>::run(int&, int, int) [with datatype = double] 60) - Timestep: 67
2015-01-16 21:22:51 INFO : (void pisces::element<datatype>::run(int&, int, int) [with datatype = double] 144) - TOTAL TIME: 6.96946
2015-01-16 21:22:51 INFO : (void pisces::element<datatype>::run(int&, int, int) [with datatype = double] 149) - Updating timestep: 0.0305587
2015-01-16 21:22:51 INFO : (void pisces::element<datatype>::run(int&, int, int) [with datatype = double] 60) - Timestep: 68
2015-01-16 21:22:51 INFO : (void pisces::element<datatype>::run(int&, int, int) [with datatype = double] 144) - TOTAL TIME: 7.00002
2015-01-16 21:22:51 INFO : (void pisces::element<datatype>::run(int&, int, int) [with datatype = double] 60) - Timestep: 69
2015-01-16 21:22:51 INFO : (void pisces::element<datatype>::run(int&, int, int) [with datatype = double] 144) - TOTAL TIME: 7.03058
2015-01-16 21:22:51 INFO : (void pisces::element<datatype>::run(int&, int, int) [with datatype = double] 149) - Updating timestep: 0.0118462
2015-01-16 21:22:51 INFO : (void pisces::element<datatype>::run(int&, int, int) [with datatype = double] 60) - Timestep: 70
2015-01-16 21:22:51 INFO : (void io::formatted_output<format>::to_file(int) [with format = io::formats::two_d::netcdf] 158) - Outputting to file output/sc_gwave_t_07.cdf...
2015-01-16 21:22:51 INFO : (void io::formatted_output<format>::to_file(int) [with format = io::formats::two_d::netcdf] 158) - Outputting to file output/sc_gwave_07.cdf...
2015-01-16 21:22:51 INFO : (void pisces::element<datatype>::run(int&, int, int) [with datatype = double] 144) - TOTAL TIME: 7.04242
2015-01-16 21:22:51 INFO : (void pisces::element<datatype>::run(int&, int, int) [with datatype = double] 60) - Timestep: 71
2015-01-16 21:22:51 INFO : (void pisces::element<datatype>::run(int&, int, int) [with datatype = double] 144) - TOTAL TIME: 7.05427
2015-01-16 21:22:51 INFO : (void pisces::element<datatype>::run(int&, int, int) [with datatype = double] 149) - Updating timestep: 0.00382625
2015-01-16 21:22:51 INFO : (void pisces::element<datatype>::run(int&, int, int) [with datatype = double] 60) - Timestep: 72
2015-01-16 21:22:51 INFO : (void pisces::element<datatype>::run(int&, int, int) [with datatype = double] 144) - TOTAL TIME: 7.0581
2015-01-16 21:22:51 INFO : (void pisces::element<datatype>::run(int&, int, int) [with datatype = double] 60) - Timestep: 73
2015-01-16 21:22:51 INFO : (void pisces::element<datatype>::run(int&, int, int) [with datatype = double] 144) - TOTAL TIME: 7.06192
2015-01-16 21:22:51 INFO : (void pisces::element<datatype>::run(int&, int, int) [with datatype = double] 149) - Updating timestep: 0.00216514
2015-01-16 21:22:51 INFO : (void pisces::element<datatype>::run(int&, int, int) [with datatype = double] 60) - Timestep: 74
2015-01-16 21:22:51 INFO : (void pisces::element<datatype>::run(int&, int, int) [with datatype = double] 144) - TOTAL TIME: 7.06409
2015-01-16 21:22:51 INFO : (void pisces::element<datatype>::run(int&, int, int) [with datatype = double] 60) - Timestep: 75
2015-01-16 21:22:51 INFO : (void pisces::element<datatype>::run(int&, int, int) [with datatype = double] 144) - TOTAL TIME: 7.06625
2015-01-16 21:22:51 INFO : (void pisces::element<datatype>::run(int&, int, int) [with datatype = double] 149) - Updating timestep: 0.00115253
2015-01-16 21:22:51 INFO : (void pisces::element<datatype>::run(int&, int, int) [with datatype = double] 60) - Timestep: 76
2015-01-16 21:22:51 INFO : (void pisces::element<datatype>::run(int&, int, int) [with datatype = double] 144) - TOTAL TIME: 7.06741
2015-01-16 21:22:51 INFO : (void pisces::element<datatype>::run(int&, int, int) [with datatype = double] 60) - Timestep: 77
2015-01-16 21:22:51 INFO : (void pisces::element<datatype>::run(int&, int, int) [with datatype = double] 144) - TOTAL TIME: 7.06856
2015-01-16 21:22:51 INFO : (void pisces::element<datatype>::run(int&, int, int) [with datatype = double] 149) - Updating timestep: 0.0003458
2015-01-16 21:22:51 INFO : (void pisces::element<datatype>::run(int&, int, int) [with datatype = double] 60) - Timestep: 78
2015-01-16 21:22:51 INFO : (void pisces::element<datatype>::run(int&, int, int) [with datatype = double] 144) - TOTAL TIME: 7.0689
2015-01-16 21:22:51 INFO : (void pisces::element<datatype>::run(int&, int, int) [with datatype = double] 60) - Timestep: 79
2015-01-16 21:22:51 INFO : (void pisces::element<datatype>::run(int&, int, int) [with datatype = double] 144) - TOTAL TIME: 7.06925
2015-01-16 21:22:51 INFO : (void pisces::element<datatype>::run(int&, int, int) [with datatype = double] 149) - Updating timestep: 0.000173035
2015-01-16 21:22:51 INFO : (void pisces::element<datatype>::run(int&, int, int) [with datatype = double] 60) - Timestep: 80
2015-01-16 21:22:51 INFO : (void io::formatted_output<format>::to_file(int) [with format = io::formats::two_d::netcdf] 158) - Outputting to file output/sc_gwave_t_07.cdf...
2015-01-16 21:22:51 INFO : (void io::formatted_output<format>::to_file(int) [with format = io::formats::two_d::netcdf] 158) - Outputting to file output/sc_gwave_07.cdf...
2015-01-16 21:22:51 INFO : (void pisces::element<datatype>::run(int&, int, int) [with datatype = double] 144) - TOTAL TIME: 7.06942
2015-01-16 21:22:51 INFO : (void pisces::element<datatype>::run(int&, int, int) [with datatype = double] 60) - Timestep: 81
2015-01-16 21:22:51 INFO : (void pisces::element<datatype>::run(int&, int, int) [with datatype = double] 144) - TOTAL TIME: 7.0696
2015-01-16 21:22:51 INFO : (void pisces::element<datatype>::run(int&, int, int) [with datatype = double] 60) - Timestep: 82
2015-01-16 21:22:51 INFO : (void pisces::element<datatype>::run(int&, int, int) [with datatype = double] 144) - TOTAL TIME: 7.06977
2015-01-16 21:22:51 INFO : (void pisces::element<datatype>::run(int&, int, int) [with datatype = double] 60) - Timestep: 83
2015-01-16 21:22:51 INFO : (void pisces::element<datatype>::run(int&, int, int) [with datatype = double] 144) - TOTAL TIME: 7.06994
2015-01-16 21:22:51 INFO : (void pisces::element<datatype>::run(int&, int, int) [with datatype = double] 149) - Updating timestep: 4.63984e-05
2015-01-16 21:22:51 INFO : (void pisces::element<datatype>::run(int&, int, int) [with datatype = double] 60) - Timestep: 84
2015-01-16 21:22:51 INFO : (void pisces::element<datatype>::run(int&, int, int) [with datatype = double] 144) - TOTAL TIME: 7.06999
2015-01-16 21:22:51 INFO : (void pisces::element<datatype>::run(int&, int, int) [with datatype = double] 60) - Timestep: 85
2015-01-16 21:22:51 INFO : (void pisces::element<datatype>::run(int&, int, int) [with datatype = double] 144) - TOTAL TIME: 7.07004
2015-01-16 21:22:51 INFO : (void pisces::element<datatype>::run(int&, int, int) [with datatype = double] 149) - Updating timestep: 1.80138e-05
2015-01-16 21:22:51 INFO : (void pisces::element<datatype>::run(int&, int, int) [with datatype = double] 60) - Timestep: 86
2015-01-16 21:22:51 INFO : (void pisces::element<datatype>::run(int&, int, int) [with datatype = double] 144) - TOTAL TIME: 7.07005
2015-01-16 21:22:51 INFO : (void pisces::element<datatype>::run(int&, int, int) [with datatype = double] 60) - Timestep: 87
2015-01-16 21:22:51 INFO : (void pisces::element<datatype>::run(int&, int, int) [with datatype = double] 144) - TOTAL TIME: 7.07007
2015-01-16 21:22:51 INFO : (void pisces::element<datatype>::run(int&, int, int) [with datatype = double] 149) - Updating timestep: 9.83824e-06
2015-01-16 21:22:51 INFO : (void pisces::element<datatype>::run(int&, int, int) [with datatype = double] 60) - Timestep: 88
2015-01-16 21:22:51 INFO : (void pisces::element<datatype>::run(int&, int, int) [with datatype = double] 144) - TOTAL TIME: 7.07008
2015-01-16 21:22:51 INFO : (void pisces::element<datatype>::run(int&, int, int) [with datatype = double] 60) - Timestep: 89
2015-01-16 21:22:51 INFO : (void pisces::element<datatype>::run(int&, int, int) [with datatype = double] 144) - TOTAL TIME: 7.07009
2015-01-16 21:22:51 INFO : (void pisces::element<datatype>::run(int&, int, int) [with datatype = double] 149) - Updating timestep: 5.50861e-06
2015-01-16 21:22:51 INFO : (void pisces::element<datatype>::run(int&, int, int) [with datatype = double] 60) - Timestep: 90
2015-01-16 21:22:51 INFO : (void io::formatted_output<format>::to_file(int) [with format = io::formats::two_d::netcdf] 158) - Outputting to file output/sc_gwave_t_07.cdf...
2015-01-16 21:22:51 INFO : (void io::formatted_output<format>::to_file(int) [with format = io::formats::two_d::netcdf] 158) - Outputting to file output/sc_gwave_07.cdf...
2015-01-16 21:22:51 INFO : (void pisces::element<datatype>::run(int&, int, int) [with datatype = double] 144) - TOTAL TIME: 7.0701
2015-01-16 21:22:51 INFO : (void pisces::element<datatype>::run(int&, int, int) [with datatype = double] 60) - Timestep: 91
2015-01-16 21:22:51 INFO : (void pisces::element<datatype>::run(int&, int, int) [with datatype = double] 144) - TOTAL TIME: 7.0701
2015-01-16 21:22:51 INFO : (void pisces::element<datatype>::run(int&, int, int) [with datatype = double] 149) - Updating timestep: 1.73861e-06
2015-01-16 21:22:51 INFO : (void pisces::element<datatype>::run(int&, int, int) [with datatype = double] 60) - Timestep: 92
2015-01-16 21:22:51 INFO : (void pisces::element<datatype>::run(int&, int, int) [with datatype = double] 144) - TOTAL TIME: 7.0701
2015-01-16 21:22:51 INFO : (void pisces::element<datatype>::run(int&, int, int) [with datatype = double] 60) - Timestep: 93
2015-01-16 21:22:51 INFO : (void pisces::element<datatype>::run(int&, int, int) [with datatype = double] 144) - TOTAL TIME: 7.07011
2015-01-16 21:22:51 INFO : (void pisces::element<datatype>::run(int&, int, int) [with datatype = double] 149) - Updating timestep: 8.41725e-07
2015-01-16 21:22:51 INFO : (void pisces::element<datatype>::run(int&, int, int) [with datatype = double] 60) - Timestep: 94
2015-01-16 21:22:51 INFO : (void pisces::element<datatype>::run(int&, int, int) [with datatype = double] 144) - TOTAL TIME: 7.07011
2015-01-16 21:22:51 INFO : (void pisces::element<datatype>::run(int&, int, int) [with datatype = double] 60) - Timestep: 95
2015-01-16 21:22:51 INFO : (void pisces::element<datatype>::run(int&, int, int) [with datatype = double] 144) - TOTAL TIME: 7.07011
2015-01-16 21:22:51 INFO : (void pisces::element<datatype>::run(int&, int, int) [with datatype = double] 60) - Timestep: 96
2015-01-16 21:22:51 INFO : (void pisces::element<datatype>::run(int&, int, int) [with datatype = double] 144) - TOTAL TIME: 7.07011
2015-01-16 21:22:51 INFO : (void pisces::element<datatype>::run(int&, int, int) [with datatype = double] 149) - Updating timestep: 5.314e-07
2015-01-16 21:22:51 INFO : (void pisces::element<datatype>::run(int&, int, int) [with datatype = double] 60) - Timestep: 97
2015-01-16 21:22:51 INFO : (void pisces::element<datatype>::run(int&, int, int) [with datatype = double] 144) - TOTAL TIME: 7.07011
2015-01-16 21:22:51 INFO : (void pisces::element<datatype>::run(int&, int, int) [with datatype = double] 149) - Updating timestep: 2.10372e-07
2015-01-16 21:22:51 INFO : (void pisces::element<datatype>::run(int&, int, int) [with datatype = double] 60) - Timestep: 98
2015-01-16 21:22:51 INFO : (void pisces::element<datatype>::run(int&, int, int) [with datatype = double] 144) - TOTAL TIME: 7.07011
2015-01-16 21:22:51 INFO : (void pisces::element<datatype>::run(int&, int, int) [with datatype = double] 60) - Timestep: 99
2015-01-16 21:22:51 INFO : (void pisces::element<datatype>::run(int&, int, int) [with datatype = double] 144) - TOTAL TIME: 7.07011
2015-01-16 21:22:51 INFO : (void pisces::element<datatype>::run(int&, int, int) [with datatype = double] 149) - Updating timestep: 8.23698e-08
2015-01-16 21:22:51 INFO : (void pisces::element<datatype>::run(int&, int, int) [with datatype = double] 160) - Profiling Factorize: CPU Time: 0.040254 Wall Time: 0.031716 Efficiency: 31.73%
2015-01-16 21:22:51 INFO : (void pisces::element<datatype>::run(int&, int, int) [with datatype = double] 161) - Profiling Transform: CPU Time: 0.035914 Wall Time: 0.026071 Efficiency: 34.4386%
2015-01-16 21:22:51 INFO : (void pisces::element<datatype>::run(int&, int, int) [with datatype = double] 162) - Profiling Execute: CPU Time: 0.041732 Wall Time: 0.032273 Efficiency: 32.3273%
2015-01-16 21:22:51 INFO : (void pisces::element<datatype>::run(int&, int, int) [with datatype = double] 163) - Profiling Timestep: CPU Time: 0.026821 Wall Time: 0.356358 Efficiency: 1.88161%
2015-01-16 21:22:51 INFO : (void pisces::element<datatype>::run(int&, int, int) [with datatype = double] 164) - Profiling Solve: CPU Time: 0.204374 Wall Time: 0.796551 Efficiency: 6.41434%
2015-01-16 21:22:51 INFO : (void pisces::element<datatype>::run(int&, int, int) [with datatype = double] 165) - Profiling Output: CPU Time: 0.132448 Wall Time: 0.243596 Efficiency: 13.593%
2015-01-16 21:22:51 INFO : (void pisces::element<datatype>::run(int&, int, int) [with datatype = double] 166) - Max Threads = 4 of 4
2015-01-16 21:22:51 INFO : (int main(int, char**) 212) - Main complete. CPU Time: 0.495797 Wall Time: 1.50033 Efficiency: 8.26148%
